<?xml version="1.0" encoding="UTF-8"?>
<robot generator="Robot 3.2.2 (Python 3.8.10 on linux)" generated="20211102 15:26:56.043" rpa="true">
<suite id="s1" name="Testi" source="/home/jukka/git/RPA_Demo/Testi">
<suite id="s1-s1" name="Project" source="/home/jukka/git/RPA_Demo/Testi/Project">
<suite id="s1-s1-s1" name="Robot Demo" source="/home/jukka/git/RPA_Demo/Testi/Project/robot_demo.robot">
<kw name="Ajon Alustus" type="setup">
<kw name="Remove File" library="OperatingSystem">
<doc>Removes a file with the given path.</doc>
<arguments>
<arg>/home/jukka/git/RPA_Demo/Testi/Project/Resources/Processed/*</arg>
</arguments>
<msg timestamp="20211102 15:26:56.269" level="INFO" html="yes">File '&lt;a href="file:///home/jukka/git/RPA_Demo/Testi/Project/Resources/Processed/*"&gt;/home/jukka/git/RPA_Demo/Testi/Project/Resources/Processed/*&lt;/a&gt;' does not exist.</msg>
<status status="PASS" starttime="20211102 15:26:56.269" endtime="20211102 15:26:56.270"></status>
</kw>
<kw name="Remove File" library="OperatingSystem">
<doc>Removes a file with the given path.</doc>
<arguments>
<arg>/home/jukka/git/RPA_Demo/Testi/Project/Resources/Not_Processed/*</arg>
</arguments>
<msg timestamp="20211102 15:26:56.270" level="INFO" html="yes">File '&lt;a href="file:///home/jukka/git/RPA_Demo/Testi/Project/Resources/Not_Processed/*"&gt;/home/jukka/git/RPA_Demo/Testi/Project/Resources/Not_Processed/*&lt;/a&gt;' does not exist.</msg>
<status status="PASS" starttime="20211102 15:26:56.270" endtime="20211102 15:26:56.270"></status>
</kw>
<kw name="Alusta Tietokanta">
<kw name="Connect To Database" library="DatabaseLibrary">
<doc>Loads the DB API 2.0 module given `dbapiModuleName` then uses it to
connect to the database using `dbName`, `dbUsername`, and `dbPassword`.</doc>
<arguments>
<arg>pymysql</arg>
<arg>example_database</arg>
<arg>robot</arg>
<arg>robot123</arg>
<arg>127.0.0.1</arg>
<arg>3306</arg>
</arguments>
<msg timestamp="20211102 15:26:56.285" level="INFO">Connecting using : pymysql.connect(db=example_database, user=robot, passwd=robot123, host=127.0.0.1, port=3306, charset=None) </msg>
<status status="PASS" starttime="20211102 15:26:56.276" endtime="20211102 15:26:56.287"></status>
</kw>
<kw name="Execute Sql String" library="DatabaseLibrary">
<doc>Executes the sqlString as SQL commands. Useful to pass arguments to your sql. Set optional input `sansTran` to
True to run command without an explicit transaction commit or rollback.</doc>
<arguments>
<arg>DROP TABLE IF EXISTS laskut;</arg>
</arguments>
<msg timestamp="20211102 15:26:56.287" level="INFO">Executing : Execute SQL String  |  DROP TABLE IF EXISTS laskut; </msg>
<status status="PASS" starttime="20211102 15:26:56.287" endtime="20211102 15:26:56.300"></status>
</kw>
<kw name="Execute Sql String" library="DatabaseLibrary">
<doc>Executes the sqlString as SQL commands. Useful to pass arguments to your sql. Set optional input `sansTran` to
True to run command without an explicit transaction commit or rollback.</doc>
<arguments>
<arg>CREATE TABLE example_database.laskut (lasku_id INT AUTO_INCREMENT,tiedostonimi VARCHAR(255),summa DECIMAL(5,2),tila VARCHAR(255),PRIMARY KEY(lasku_id));</arg>
</arguments>
<msg timestamp="20211102 15:26:56.306" level="INFO">Executing : Execute SQL String  |  CREATE TABLE example_database.laskut (lasku_id INT AUTO_INCREMENT,tiedostonimi VARCHAR(255),summa DECIMAL(5,2),tila VARCHAR(255),PRIMARY KEY(lasku_id)); </msg>
<status status="PASS" starttime="20211102 15:26:56.305" endtime="20211102 15:26:56.316"></status>
</kw>
<status status="PASS" starttime="20211102 15:26:56.276" endtime="20211102 15:26:56.316"></status>
</kw>
<status status="PASS" starttime="20211102 15:26:56.268" endtime="20211102 15:26:56.317"></status>
</kw>
<test id="s1-s1-s1-t1" name="PDF">
<kw name="List Files In Directory" library="OperatingSystem">
<doc>Wrapper for `List Directory` that returns only files.</doc>
<arguments>
<arg>/home/jukka/git/RPA_Demo/Testi/Project/Resources/Incoming</arg>
</arguments>
<assign>
<var>${files}</var>
</assign>
<msg timestamp="20211102 15:26:56.318" level="INFO" html="yes">Listing contents of directory '&lt;a href="file:///home/jukka/git/RPA_Demo/Testi/Project/Resources/Incoming"&gt;/home/jukka/git/RPA_Demo/Testi/Project/Resources/Incoming&lt;/a&gt;'.</msg>
<msg timestamp="20211102 15:26:56.318" level="INFO">4 files:
DNA_lasku_1.pdf
DNA_lasku_2.pdf
DNA_lasku_3.pdf
DNA_lasku_4.pdf</msg>
<msg timestamp="20211102 15:26:56.318" level="INFO">${files} = ['DNA_lasku_1.pdf', 'DNA_lasku_2.pdf', 'DNA_lasku_3.pdf', 'DNA_lasku_4.pdf']</msg>
<status status="PASS" starttime="20211102 15:26:56.317" endtime="20211102 15:26:56.318"></status>
</kw>
<kw name="Log" library="BuiltIn">
<doc>Logs the given message with the given level.</doc>
<arguments>
<arg>${files}</arg>
</arguments>
<msg timestamp="20211102 15:26:56.319" level="INFO">['DNA_lasku_1.pdf', 'DNA_lasku_2.pdf', 'DNA_lasku_3.pdf', 'DNA_lasku_4.pdf']</msg>
<status status="PASS" starttime="20211102 15:26:56.318" endtime="20211102 15:26:56.319"></status>
</kw>
<kw name="${file} IN [ @{files} ]" type="for">
<kw name="${file} = DNA_lasku_1.pdf" type="foritem">
<kw name="Hae Teksti PDF Tiedostosta">
<arguments>
<arg>/home/jukka/git/RPA_Demo/Testi/Project/Resources/Incoming/${file}</arg>
<arg>Maksettava yhteensä EUR</arg>
<arg>Verokantaerittely</arg>
</arguments>
<assign>
<var>${summa}</var>
</assign>
<kw name="Run Keyword And Ignore Error" library="BuiltIn">
<doc>Runs the given keyword with the given arguments and ignores possible error.</doc>
<arguments>
<arg>Convert Pdf To Txt</arg>
<arg>${polku_pdf_tiedotoon}</arg>
</arguments>
<assign>
<var>${apu}</var>
<var>${teksti}</var>
</assign>
<kw name="Convert Pdf To Txt" library="Pdf2TextLibrary">
<arguments>
<arg>${polku_pdf_tiedotoon}</arg>
</arguments>
<msg timestamp="20211102 15:26:56.320" level="INFO">xref found: pos=b'137891'</msg>
<msg timestamp="20211102 15:26:56.320" level="INFO">read_xref_from: start=137891, token=63</msg>
<msg timestamp="20211102 15:26:56.321" level="INFO">xref stream: objid=(1, 1), (4, 3), (8, 1), (15, 1), (53, 11), fields=1,3,0</msg>
<msg timestamp="20211102 15:26:56.321" level="INFO">trailer: {'DecodeParms': {'Columns': 4, 'Predictor': 12}, 'Filter': /'FlateDecode', 'ID': [b'!\xf3\xf3\x87\xc2,s98\xed+\xee\x07~\xb0\xd4', b"\x8c2\xe3}\xa36\x05F\xac\xb6=\x1f.'1\x08"], 'Index': [1, 1, 4, 3, 8, 1, 15, 1, 53, 11], 'Info': &lt;PDFObjRef:15&gt;, 'Length': 71, 'Prev': 116, 'Root': &lt;PDFObjRef:17&gt;, 'Size': 64, 'Type': /'XRef', 'W': [1, 3, 0]}</msg>
<msg timestamp="20211102 15:26:56.321" level="INFO">read_xref_from: start=116, token=35</msg>
<msg timestamp="20211102 15:26:56.322" level="INFO">xref stream: objid=(16, 37), fields=1,3,1</msg>
<msg timestamp="20211102 15:26:56.322" level="INFO">trailer: {'DecodeParms': {'Columns': 5, 'Predictor': 12}, 'Filter': /'FlateDecode', 'ID': [b'!\xf3\xf3\x87\xc2,s98\xed+\xee\x07~\xb0\xd4', b'YV\xb44\x98mgF\xbe\xfb6,\x9cr\x81\xd6'], 'Index': [16, 37], 'Info': &lt;PDFObjRef:15&gt;, 'Length': 101, 'Prev': 98074, 'Root': &lt;PDFObjRef:17&gt;, 'Size': 53, 'Type': /'XRef', 'W': [1, 3, 1]}</msg>
<msg timestamp="20211102 15:26:56.322" level="INFO">read_xref_from: start=98074, token=11</msg>
<msg timestamp="20211102 15:26:56.323" level="INFO">xref stream: objid=(0, 16), fields=1,3,1</msg>
<msg timestamp="20211102 15:26:56.323" level="INFO">trailer: {'DecodeParms': {'Columns': 5, 'Predictor': 12}, 'Filter': /'FlateDecode', 'ID': [b'!\xf3\xf3\x87\xc2,s98\xed+\xee\x07~\xb0\xd4', b'YV\xb44\x98mgF\xbe\xfb6,\x9cr\x81\xd6'], 'Info': &lt;PDFObjRef:15&gt;, 'Length': 71, 'Root': &lt;PDFObjRef:17&gt;, 'Size': 16, 'Type': /'XRef', 'W': [1, 3, 1]}</msg>
<msg timestamp="20211102 15:26:56.418" level="INFO">Pages: Kids=[&lt;PDFObjRef:18&gt;, &lt;PDFObjRef:1&gt;]</msg>
<msg timestamp="20211102 15:26:56.419" level="INFO">Page: {'Contents': &lt;PDFObjRef:19&gt;, 'CropBox': [0, 0, 595.276, 841.89], 'MediaBox': [0, 0, 595.276, 841.89], 'Parent': &lt;PDFObjRef:14&gt;, 'Resources': {'XObject': {'Fm0': &lt;PDFObjRef:34&gt;}}, 'Rotate': 0, 'Type': /'Page'}</msg>
<msg timestamp="20211102 15:26:56.419" level="INFO">Processing page: &lt;PDFPage: Resources={'XObject': {'Fm0': &lt;PDFObjRef:34&gt;}}, MediaBox=[0, 0, 595.276, 841.89]&gt;</msg>
<msg timestamp="20211102 15:26:56.419" level="INFO">render_contents: resources={'XObject': {'Fm0': &lt;PDFObjRef:34&gt;}}, streams=[&lt;PDFStream(19): raw=24, {'Filter': /'FlateDecode', 'Length': 22}&gt;], ctm=(1, 0, 0, 1, 0, 0)</msg>
<msg timestamp="20211102 15:26:56.420" level="INFO">Processing xobj: &lt;PDFStream(34): raw=30, {'BBox': [13.9225, 32.328, 567.843, 788.029], 'Filter': /'FlateDecode', 'FormType': 1, 'Length': 28, 'Matrix': [1, 0, 0, 1, 0, 0], 'Resources': {'XObject': {'Fm0': &lt;PDFObjRef:33&gt;}}, 'Subtype': /'Form', 'Type': /'XObject'}&gt;</msg>
<msg timestamp="20211102 15:26:56.420" level="INFO">render_contents: resources={'XObject': {'Fm0': &lt;PDFObjRef:33&gt;}}, streams=[&lt;PDFStream(34): raw=30, {'BBox': [13.9225, 32.328, 567.843, 788.029], 'Filter': /'FlateDecode', 'FormType': 1, 'Length': 28, 'Matrix': [1, 0, 0, 1, 0, 0], 'Resources': {'XObject': {'Fm0': &lt;PDFObjRef:33&gt;}}, 'Subtype': /'Form', 'Type': /'XObject'}&gt;], ctm=(1, 0, 0, 1, 0, 0)</msg>
<msg timestamp="20211102 15:26:56.421" level="INFO">Processing xobj: &lt;PDFStream(33): raw=5944, {'BBox': [13.9225, 32.328, 567.843, 788.029], 'Filter': /'FlateDecode', 'FormType': 1, 'Length': 5942, 'Matrix': [1, 0, 0, 1, 0, 0], 'Resources': {'Font': {'C0_0': &lt;PDFObjRef:38&gt;, 'C0_1': &lt;PDFObjRef:39&gt;, 'C2_0': &lt;PDFObjRef:44&gt;, 'C2_1': &lt;PDFObjRef:46&gt;, 'C2_2': &lt;PDFObjRef:51&gt;}, 'ProcSet': [/'PDF', /'Text', /'ImageC'], 'XObject': {'Im0': &lt;PDFObjRef:25&gt;, 'Im1': &lt;PDFObjRef:26&gt;}}, 'Subtype': /'Form', 'Type': /'XObject'}&gt;</msg>
<msg timestamp="20211102 15:26:56.421" level="INFO">render_contents: resources={'Font': {'C0_0': &lt;PDFObjRef:38&gt;, 'C0_1': &lt;PDFObjRef:39&gt;, 'C2_0': &lt;PDFObjRef:44&gt;, 'C2_1': &lt;PDFObjRef:46&gt;, 'C2_2': &lt;PDFObjRef:51&gt;}, 'ProcSet': [/'PDF', /'Text', /'ImageC'], 'XObject': {'Im0': &lt;PDFObjRef:25&gt;, 'Im1': &lt;PDFObjRef:26&gt;}}, streams=[&lt;PDFStream(33): raw=5944, {'BBox': [13.9225, 32.328, 567.843, 788.029], 'Filter': /'FlateDecode', 'FormType': 1, 'Length': 5942, 'Matrix': [1, 0, 0, 1, 0, 0], 'Resources': {'Font': {'C0_0': &lt;PDFObjRef:38&gt;, 'C0_1': &lt;PDFObjRef:39&gt;, 'C2_0': &lt;PDFObjRef:44&gt;, 'C2_1': &lt;PDFObjRef:46&gt;, 'C2_2': &lt;PDFObjRef:51&gt;}, 'ProcSet': [/'PDF', /'Text', /'ImageC'], 'XObject': {'Im0': &lt;PDFObjRef:25&gt;, 'Im1': &lt;PDFObjRef:26&gt;}}, 'Subtype': /'Form', 'Type': /'XObject'}&gt;], ctm=(1, 0, 0, 1, 0, 0)</msg>
<msg timestamp="20211102 15:26:56.472" level="INFO">get_font: create: objid=38, spec={'BaseFont': /'AllAndNone', 'DescendantFonts': [&lt;PDFObjRef:37&gt;], 'Encoding': /'Identity-H', 'Subtype': /'Type0', 'ToUnicode': &lt;PDFObjRef:22&gt;, 'Type': /'Font'}</msg>
<msg timestamp="20211102 15:26:56.472" level="INFO">get_font: create: objid=None, spec={'BaseFont': /'AllAndNone', 'CIDSystemInfo': {'Ordering': b'Identity', 'Registry': b'Adobe', 'Supplement': 0}, 'FontDescriptor': &lt;PDFObjRef:36&gt;, 'Subtype': /'CIDFontType0', 'Type': /'Font', 'W': [0, [0, 278, 667, 556, 222, 556, 278, 222, 222, 556, 834, 556, 333, 556, 833, 556, 500, 500, 278, 667, 667, 722, 722, 500, 556, 556, 722, 278, 667, 722, 278, 611, 556, 611, 556, 667, 556, 501, 556, 500, 556, 611, 278, 611, 667, 722, 778, 278, 778, 667, 722, 556, 278, 667, 667, 333, 722, 667, 556, 556, 556, 556, 556, 556, 556, 556, 778, 778, 278, 556, 556, 832, 556, 556, 556, 556, 333, 557, 556, 611, 611, 556, 722, 556, 556, 278, 556, 889, 278, 722, 722, 278, 667, 556, 556, 500, 722, 722, 722, 668, 778, 556, 556, 556, 611, 556, 722, 355, 611, 889, 278, 278, 611, 389, 611, 556, 333, 333, 660, 660, 660, 660, 660, 660, 660, 660, 660, 660, 660, 660, 660, 660, 660, 660, 660, 660, 660, 660, 660, 660, 660, 780, 333, 778, 333, 667, 667, 722, 722, 660, 660, 660, 660, 660, 660, 660, 611, 497, 556, 660, 660, 660, 660, 660, 660, 660, 660, 660, 660, 660, 660, 660, 660, 660, 660, 660, 660, 660, 666, 660, 660, 660, 660, 660, 660, 660, 660, 660, 660, 660, 660, 660, 660, 722, 660, 660, 660, 660, 1015, 278, 660, 660, 660, 660, 660, 944, 556, 942, 333, 611, 556, 191, 660, 660, 660, 611, 660, 660, 660, 660, 611, 500, 611, 660, 660, 660, 660, 660, 660, 660, 660, 660, 660, 660, 660, 667, 660, 660, 660, 556, 611, 660, 556, 660, 584, 556, 660, 660, 667, 556, 667, 660, 660, 660, 778, 660, 660, 667, 722, 660, 389, 722, 722, 778, 667, 556, 722, 667, 722, 722, 722, 667, 778, 556, 556, 667, 778]], 'Encoding': /'Identity-H', 'ToUnicode': &lt;PDFStream(22): raw=739, {'Filter': /'FlateDecode', 'Length': 737}&gt;}</msg>
<msg timestamp="20211102 15:26:56.475" level="INFO">get_font: create: objid=39, spec={'BaseFont': /'AllAndNone', 'DescendantFonts': [&lt;PDFObjRef:37&gt;], 'Encoding': /'Identity-H', 'Subtype': /'Type0', 'ToUnicode': &lt;PDFObjRef:27&gt;, 'Type': /'Font'}</msg>
<msg timestamp="20211102 15:26:56.475" level="INFO">get_font: create: objid=None, spec={'BaseFont': /'AllAndNone', 'CIDSystemInfo': {'Ordering': b'Identity', 'Registry': b'Adobe', 'Supplement': 0}, 'FontDescriptor': &lt;PDFObjRef:36&gt;, 'Subtype': /'CIDFontType0', 'Type': /'Font', 'W': [0, [0, 278, 667, 556, 222, 556, 278, 222, 222, 556, 834, 556, 333, 556, 833, 556, 500, 500, 278, 667, 667, 722, 722, 500, 556, 556, 722, 278, 667, 722, 278, 611, 556, 611, 556, 667, 556, 501, 556, 500, 556, 611, 278, 611, 667, 722, 778, 278, 778, 667, 722, 556, 278, 667, 667, 333, 722, 667, 556, 556, 556, 556, 556, 556, 556, 556, 778, 778, 278, 556, 556, 832, 556, 556, 556, 556, 333, 557, 556, 611, 611, 556, 722, 556, 556, 278, 556, 889, 278, 722, 722, 278, 667, 556, 556, 500, 722, 722, 722, 668, 778, 556, 556, 556, 611, 556, 722, 355, 611, 889, 278, 278, 611, 389, 611, 556, 333, 333, 660, 660, 660, 660, 660, 660, 660, 660, 660, 660, 660, 660, 660, 660, 660, 660, 660, 660, 660, 660, 660, 660, 660, 780, 333, 778, 333, 667, 667, 722, 722, 660, 660, 660, 660, 660, 660, 660, 611, 497, 556, 660, 660, 660, 660, 660, 660, 660, 660, 660, 660, 660, 660, 660, 660, 660, 660, 660, 660, 660, 666, 660, 660, 660, 660, 660, 660, 660, 660, 660, 660, 660, 660, 660, 660, 722, 660, 660, 660, 660, 1015, 278, 660, 660, 660, 660, 660, 944, 556, 942, 333, 611, 556, 191, 660, 660, 660, 611, 660, 660, 660, 660, 611, 500, 611, 660, 660, 660, 660, 660, 660, 660, 660, 660, 660, 660, 660, 667, 660, 660, 660, 556, 611, 660, 556, 660, 584, 556, 660, 660, 667, 556, 667, 660, 660, 660, 778, 660, 660, 667, 722, 660, 389, 722, 722, 778, 667, 556, 722, 667, 722, 722, 722, 667, 778, 556, 556, 667, 778]], 'Encoding': /'Identity-H', 'ToUnicode': &lt;PDFStream(27): raw=739, {'Filter': /'FlateDecode', 'Length': 737}&gt;}</msg>
<msg timestamp="20211102 15:26:56.478" level="INFO">get_font: create: objid=44, spec={'BaseFont': /'QHZSKM+ArialMT', 'DescendantFonts': &lt;PDFObjRef:43&gt;, 'Encoding': /'Identity-H', 'Subtype': /'Type0', 'ToUnicode': &lt;PDFObjRef:28&gt;, 'Type': /'Font'}</msg>
<msg timestamp="20211102 15:26:56.479" level="INFO">get_font: create: objid=None, spec={'BaseFont': /'QHZSKM+ArialMT', 'CIDSystemInfo': &lt;PDFObjRef:40&gt;, 'CIDToGIDMap': /'Identity', 'DW': 1000, 'FontDescriptor': &lt;PDFObjRef:41&gt;, 'Subtype': /'CIDFontType2', 'Type': /'Font', 'W': [0, [750, 0, 278, 278, 278, 355, 556, 556, 889, 667, 191, 333, 333, 389, 584, 278, 333, 278, 278, 556, 556, 556, 556, 556, 556, 556, 556, 556, 556, 278, 278, 584, 584, 584, 556, 1015, 667, 667, 722, 722, 667, 611, 778, 722, 278, 500, 667, 556, 833, 722, 778, 667, 778, 722, 667, 611, 722, 667, 944, 667, 667, 611, 278, 278, 278, 469, 556, 333, 556, 556, 500, 556, 556, 278, 556, 556, 222, 222, 500, 222, 833, 556, 556, 556, 556, 333, 500, 278, 556, 500, 722, 500, 500, 500, 334, 260, 334, 584, 667, 667, 722, 667, 722, 778, 722, 556, 556, 556, 556, 556, 556, 500, 556, 556, 556, 556, 278, 278, 278, 278, 556, 556, 556, 556, 556, 556, 556, 556, 556, 556, 556, 400, 556, 556, 556, 350, 537, 611, 737, 737], 141, [333, 333, 549], 145, [778, 713, 549, 549, 549, 556, 576, 494, 713, 823, 549, 274, 370, 365, 768, 889, 611, 611, 333, 584, 549, 556, 549, 612, 556, 556], 172, [667, 667, 778], 176, [944, 556], 179, [333, 333, 222, 222, 549, 494, 500, 667, 167, 556, 333, 333, 500, 500, 556, 278, 222, 333], 198, [667, 667, 667, 667, 667, 278, 278, 278, 278, 778, 778, 778, 722, 722, 722, 278, 333, 333, 333, 333, 333, 333, 333, 333, 333, 333, 556, 222, 667, 500, 611, 500, 260, 722, 556, 667, 500, 667, 556, 584, 584, 333, 333, 333, 834, 834, 834, 556, 778, 556, 278, 667, 500, 722, 500, 722, 500, 556, 552, 333, 667, 556, 667, 556, 722, 615, 722, 667, 556, 667, 556, 556, 222, 556, 292, 556, 334, 722, 556, 722, 556, 778, 556, 722, 333, 722, 333, 667, 500, 611, 278, 611, 375, 722, 556, 722, 556, 611, 500, 611, 500, 551, 778, 798, 578, 557, 446, 617, 395, 648, 552, 500, 365, 1094], 313, [500], 315, [500], 317, [500, 500, 979, 719, 583, 604, 584, 604, 604, 708, 625, 708, 708, 708, 708, 708, 708, 708, 708, 708, 708, 708, 708, 708, 708, 708, 708, 708, 708, 708, 708, 708, 708, 708, 708, 708, 708, 708, 708, 708, 708, 708, 708, 708, 708, 708, 708, 708, 708, 708, 708, 708, 708, 708, 708, 708, 729, 604], 376, [990, 990, 990, 990, 604, 604, 604, 1021, 1052, 917, 750, 750, 531, 656, 594, 510, 500, 750, 735, 444, 604, 188, 354, 885, 323, 604, 354, 354, 604, 354, 667, 556, 722, 500, 722, 500, 667, 556, 667, 556, 667, 556, 778, 556, 778, 556, 778, 556, 722, 556, 722, 556, 278, 278, 278, 278, 278, 278, 278, 222, 500, 222, 667, 500, 500, 556, 222, 722, 556, 723, 556, 778, 556, 778, 556, 722, 333, 667, 500, 611, 278, 722, 556, 722, 556, 722, 556, 722, 556, 944, 722, 667, 500, 222, 667, 556], 473, [889, 778, 611, 278, 944, 722, 944, 722, 944, 722, 667, 500, 222, 333, 556, 600, 834, 834, 834, 834, 333, 333, 333, 333, 667, 784, 838, 384, 774, 855, 752, 222, 667, 667, 668, 667, 611, 722, 278, 667, 668, 833, 722, 650, 778, 722, 667, 618, 611, 667, 667, 835, 748, 278, 667, 578, 446, 556, 222, 547, 575, 500, 441, 556, 556, 222, 500, 500, 576, 500, 448, 556, 569, 482, 547, 525, 713, 781, 222, 547, 556, 547, 781, 667, 865, 542, 719, 667, 278, 278, 500, 1057, 1010, 854, 583, 635, 719, 667, 656, 667, 542, 677, 667, 923, 604, 719, 719, 583, 656, 833, 722, 778, 719, 667, 722, 611, 635, 760, 667, 740, 667, 917, 938, 792, 885, 656, 719, 1010, 722, 556, 573, 531, 365, 583, 556, 669, 458, 559, 559, 438, 583, 688, 552, 556, 542, 556, 500, 458, 500, 823, 500, 573, 521, 802, 823, 625, 719, 521, 510, 750, 542, 556, 556, 365, 510, 500, 222, 278, 222, 906, 813, 556, 438, 500, 552, 489, 411], 651, [1073, 690, 0, 0, 0, 0, 0, 0, 0, 0, 0, 0, 0, 0, 0, 383, 0, 275, 0, 0, 278, 563, 542, 399, 508, 602, 247, 382, 599, 590, 247, 509, 461, 463, 599, 601, 247, 353, 574, 529, 566, 546, 461, 479, 550, 509, 694, 643, 493, 493, 493, 236, 417, 815, 247, 509, 509, 463, 463, 535, 694, 694, 694, 694, 563, 563, 563, 542, 399, 508, 602, 287, 411, 590, 287, 509, 461, 463, 601, 353, 574, 566, 546, 479, 550, 509, 694, 643, 247, 542, 461, 546, 576, 0, 0, 0, 0, 319, 319, 356, 413, 207, 0, 0, 0, 0, 0, 0, 0, 0, 526, 526, 526, 526, 526, 526, 526, 526, 526, 526, 526, 319, 526, 750, 750, 282, 750, 526, 526, 526, 750, 750, 750, 750, 750, 0, 750, 750, 750, 750, 750, 750, 750, 750, 638, 750, 750, 750, 713, 713, 244, 244, 750, 750, 750, 750, 563, 526, 530, 530, 489, 489, 812, 933, 394, 515, 812, 933, 394, 515, 638, 588, 375, 750, 750, 750, 750, 750, 750, 750, 750, 750, 750, 750, 750, 750, 750, 750, 0, 0, 0, 0, 0, 750, 750, 0, 0, 0, 0, 0, 0, 0, 0, 0, 0, 0, 0, 0, 0, 0, 0, 556], 864, [750, 750, 750, 750, 750, 750, 750, 750, 750, 750, 750, 750, 750, 750, 750, 750, 750, 750, 750, 750, 750, 750, 750, 750, 750, 750, 750, 750, 319, 319, 750, 616, 413, 207, 229, 207, 229, 432, 432, 207, 229, 638, 588, 244, 244, 207, 229, 713, 713, 244, 244, 282, 375, 713, 713, 244, 244, 713, 713, 244, 244, 563, 526, 530, 530, 563, 526, 530, 530, 563, 526, 530, 530, 337, 337, 337, 337, 489, 489, 489, 489, 821, 821, 531, 531, 821, 821, 531, 531, 1098, 1098, 846, 846, 1098, 1098, 846, 846, 582, 582, 582, 582, 582, 582, 582, 582, 544, 450, 526, 394, 544, 450, 526, 394, 789, 789, 268, 263, 582, 582, 268, 263, 601, 601, 394, 394, 506, 506, 207, 207, 338, 338, 394, 394, 526, 526, 244, 244, 282, 375, 450, 394, 432, 432, 638, 588, 638, 588, 244, 244, 544, 601, 544, 601, 544, 601, 544, 601, 750, 750, 0, 0, 750, 750, 750, 0, 0, 750, 750, 0, 0, 750, 750, 750, 0, 0, 0, 0, 0, 0, 750, 0, 0, 750, 750, 750, 750, 750, 750, 750, 750, 750, 750, 750, 750, 750, 750, 750, 750, 750, 750, 750, 750, 750, 750, 750, 750, 750, 750, 750, 750, 750, 750, 750, 750, 750, 750, 750, 750, 750, 750, 750, 750, 750, 750, 750, 750, 750, 750, 750, 750, 750, 750, 750, 750, 750, 750, 319, 319, 319, 750, 750, 750, 750, 750, 750, 750, 750, 750, 750, 750, 750, 750, 750, 750, 750, 750, 750, 750, 750, 750, 750, 750, 750, 125], 1129, [2000, 857, 656, 854, 669, 0, 0, 0, 0, 0, 0, 0, 0, 0, 0, 0, 0, 0, 0, 0, 0, 513, 834, 834, 0, 0, 0, 0, 0, 0, 0, 0, 0, 0, 0, 0, 0, 0, 0, 0, 0, 0, 0, 0, 0, 0, 0, 0, 0, 0, 0, 0, 0, 0, 0, 0, 0, 0, 222, 667, 556, 667, 556, 667, 556, 667, 556, 667, 556, 667, 556, 667, 556, 667, 556, 667, 556, 667, 556, 667, 556, 667, 556, 667, 556, 667, 556, 667, 556, 667, 556, 667, 556, 667, 556, 667, 556, 667, 556, 278, 222, 278, 222, 778, 556, 778, 556, 778, 556, 778, 556, 778, 556, 778, 556, 778, 556, 857, 656, 857, 656, 857, 656, 857, 656, 857, 656, 722, 556, 722, 556, 854, 669, 854, 669, 854, 669, 854, 669, 854, 669, 667, 500, 667, 500, 667, 500, 667, 556, 278, 222, 778, 556, 722, 556, 722, 556, 722, 556, 722, 556, 722, 556, 0, 0, 0, 0, 542, 365, 923, 669, 583, 438, 583, 438, 722, 552, 556, 500, 556, 500, 667, 500, 667, 521, 667, 556, 752, 556, 778, 556, 713, 244, 268, 263, 582, 244, 244, 244, 244, 244, 244, 269, 0, 0, 333, 333, 0, 0, 0, 0, 207, 229, 207, 229, 207, 229, 207, 229, 432, 432, 432, 432, 638, 588, 713, 713, 244, 244, 713, 713, 244, 244, 713, 713, 244, 244, 713, 713, 244, 244, 713, 713, 244, 244, 713, 713, 244, 244, 713, 713, 244, 244, 563, 526, 530, 530, 563, 526, 530, 530, 563, 526, 530, 530, 563, 526, 530, 530, 563, 526, 530, 530, 563, 526, 530, 530, 337, 337, 337, 337, 337, 337, 337, 337, 337, 337, 337, 337, 337, 337, 337, 337, 337, 337, 489, 489, 489, 489, 489, 489, 489, 489, 489, 489, 489, 489, 489, 489, 489, 489, 821, 821, 531, 531, 821, 821, 531, 531, 821, 821, 531, 531, 1098, 1098, 846, 846, 1098, 1098, 846, 846, 582, 582, 544, 450, 526, 394, 789, 789, 789, 268, 263, 789, 789, 268, 263, 789, 789, 268, 263, 789, 789, 268, 263, 789, 789, 268, 263, 582, 582, 582, 582, 1155, 1155, 906, 906, 812, 933, 394, 515, 601, 601, 394, 394, 601, 601, 394, 394, 601, 601, 394, 394, 812, 933, 394, 515, 812, 933, 394, 515, 812, 933, 394, 515, 812, 933, 394, 515, 812, 933, 394, 515, 506, 506, 207, 207, 506, 506, 207, 207, 506, 506, 207, 207, 506, 506, 207, 207, 526, 526, 244, 244, 526, 526, 526, 526, 526, 526, 244, 244, 526, 526, 563, 526, 530, 530, 282, 375, 388, 388, 388, 432, 432, 432, 432, 432, 432, 432, 432, 432, 432, 432, 432, 432, 432, 432, 432, 638, 588, 638, 588, 244, 244, 432, 432, 638, 588, 244, 244, 638, 588, 812, 812, 812, 812, 207, 0, 0, 0, 0, 0, 0, 0, 1123, 1084, 0, 0, 0, 0, 0, 0, 194, 370, 0, 0, 600, 0, 0, 0, 821, 821, 531, 531, 1098, 1098, 846, 846, 544, 450, 526, 394, 413, 338, 282, 244, 320, 244, 244, 244, 244, 244, 812, 933, 247, 0, 342, 493, 544, 601, 544, 601, 544, 601, 544, 601, 544, 601, 544, 601, 544, 601, 526, 526, 544, 601, 556, 758, 656, 556, 656, 556, 722, 722, 500, 722, 810, 656, 556, 557, 667, 604, 611, 778, 624, 881, 222, 278, 667, 500, 222, 500, 891, 722, 556, 778, 868, 667, 754, 556, 667, 667, 500, 618, 380, 278, 611, 278, 611, 748, 722, 772, 500, 611, 500, 611, 611, 545, 545, 556, 556, 458, 487, 556, 260, 413, 584, 278, 1333, 1222, 1049, 1062, 833, 451, 1222, 944, 771, 556, 667, 556, 0, 667, 556], 1752, [889, 778, 556, 778, 556, 667, 500, 778, 556, 778, 556, 611, 545, 222, 1333, 1222, 1049, 778, 556, 1034, 618, 722, 556, 667, 556, 667, 556, 667, 556, 667, 556, 278, 278, 278, 278, 778, 556, 778, 556, 722, 333, 722, 333, 722, 556, 722, 556, 667, 500, 611, 278, 545, 437, 722, 556, 706, 604, 565, 611, 500, 667, 556, 667, 556, 778, 556, 0, 778, 556, 778, 556, 778, 556, 667, 500, 556, 556, 556, 556, 500, 500, 556, 556, 556, 739, 458, 458, 631, 507, 278, 556, 556, 559, 501, 617, 556, 556, 556, 222, 222, 356, 327, 304, 222, 572, 833, 833, 833, 556, 556, 553, 556, 791, 781, 550, 333, 333, 333, 333, 333, 333, 333, 542, 542, 500, 222, 260, 222, 349, 278, 278, 556, 568, 547, 500, 722, 500, 520, 500, 541, 545, 545, 500, 500, 500, 500, 778, 531, 507, 559, 552, 397, 500, 404, 556, 500, 500, 964, 906, 1005, 712, 429, 719, 764, 661, 632, 485, 527, 383, 383, 159, 240, 240, 240, 364, 481, 321, 191, 355, 222, 222, 222, 333, 333, 349, 349, 584, 584, 584, 584, 333, 333, 333, 333, 333, 333, 333, 278, 278, 333, 333, 333, 333, 333, 333, 333, 333, 322, 157, 340, 328, 349, 383, 383, 383, 383, 383, 333, 333, 333, 333, 333, 542, 542, 542, 542, 542, 542, 542, 542, 542, 383, 542, 542, 542, 542, 542, 383, 542, 542, 542, 542, 542, 383, 542, 542, 542, 542, 542, 383, 542, 542, 542, 542, 542, 383, 542, 542, 542, 542, 542, 542, 542, 542, 542, 383, 542, 542, 542, 542, 542, 383, 542, 542, 542, 542, 542, 383, 542, 542, 542, 542, 542, 383, 542, 542, 542, 542, 542, 383, 542, 542, 542, 542, 542, 542, 542, 542, 542, 383, 542, 542, 542, 542, 542, 383, 542, 542, 542, 542, 542, 383, 542, 542, 542, 542, 542, 383, 542, 542, 542, 542, 542, 383, 542, 542, 542, 542, 542, 542, 542, 542, 542, 383, 542, 542, 542, 542, 542, 383, 542, 542, 542, 542, 542, 383, 542, 542, 542, 542, 542, 383, 542, 542, 542, 542, 542, 383, 542, 542, 542, 542, 0, 0, 0, 0, 0, 0, 0, 0, 0, 0, 0, 0, 0, 0, 0, 0, 0, 0, 0, 0, 0, 0, 0, 0, 0, 0, 0, 0, 0, 0, 0, 0, 0, 0, 0, 0, 0, 0, 0, 0, 0, 0, 0, 0, 0, 0, 0, 0, 0, 0, 0, 0, 0, 0, 0, 0, 0, 0, 0, 0, 0, 0, 0, 0, 0, 0, 0, 0, 0, 0, 0, 0, 0, 0, 0, 0, 0, 0, 0, 0, 0, 0, 0, 0, 0, 0, 0, 0, 0, 0, 0, 333, 333, 333, 575, 547, 772, 958, 772, 560, 781, 601, 778, 556, 722, 500, 611, 404, 625, 529, 756, 577, 891, 833, 674, 556, 674, 500, 667, 667, 609, 596, 737, 554, 464, 410, 601, 573, 500, 222, 778, 442, 442, 667, 719, 556, 559, 1338, 624, 778, 613, 950, 713, 668, 500, 897, 695, 829, 685, 1053, 867, 604, 458, 796, 688, 778, 556, 803, 631, 803, 631, 1074, 896, 833, 612, 1191, 852, 0, 1338, 624, 722, 500, 503, 0, 0, 0, 0, 0, 0, 719, 559, 656, 521, 667, 556, 670, 549, 604, 458, 583, 438, 742, 536, 879, 648, 1137, 870, 753, 521, 722, 500, 611, 458, 925, 691, 667, 521, 861, 666, 861, 666, 278, 923, 669, 667, 551, 656, 583, 722, 552, 722, 552, 667, 521, 833, 688, 333, 667, 556, 667, 556], 2346, [889, 667, 556, 752, 556, 923, 669, 604, 458, 604, 545, 719, 559, 719, 559, 778, 556, 778, 556, 719, 510, 635, 500, 635, 500, 635, 500, 667, 521, 885, 719, 656, 556, 968, 876, 956, 815, 663, 509, 970, 910, 1034, 878, 778, 559, 747, 666, 0, 0, 0, 0, 0, 0, 0, 0, 0, 0, 0, 0, 0, 0, 0, 0, 0, 0, 0, 0, 0, 0, 0, 0, 0, 0, 0, 0, 0, 0, 0, 0, 0, 0, 0, 0, 0, 0, 667, 556, 667, 556, 667, 556, 667, 556, 722, 500, 722, 556, 722, 556, 722, 556, 722, 556, 722, 556, 667, 556, 667, 556, 667, 556, 667, 556, 667, 556, 611, 278, 778, 556, 722, 556, 722, 556, 722, 556, 722, 556, 722, 556, 278, 222, 278, 278, 667, 500, 667, 500, 667, 500, 556, 222, 556, 222, 556, 222, 556, 222, 833, 833, 833, 833, 833, 833, 722, 556, 722, 556, 722, 556, 722, 556, 778, 556, 778, 556, 778, 556, 778, 556, 667, 556, 667, 556, 722, 333, 722, 333, 722, 333, 722, 333, 667, 500, 667, 500, 667, 500, 667, 500, 667, 500, 611, 278, 611, 278, 611, 278, 611, 278, 722, 556, 722, 556, 722, 556, 722, 556, 722, 556, 667, 500, 667, 500, 944, 722, 944, 722, 667, 500, 667, 500, 667, 500, 611, 500, 611, 500, 611, 500, 556, 278, 722, 500, 556, 222, 578, 578, 578, 578, 578, 578, 578, 578, 667, 667, 813, 813, 813, 813, 813, 813, 446, 446, 446, 446, 446, 446, 765, 765, 928, 928, 928, 928, 556, 556, 556, 556, 556, 556, 556, 556, 820, 820, 1015, 1015, 1015, 1015, 1015, 1015, 222, 222, 222, 222, 222, 222, 222, 222, 375, 375, 571, 571, 571, 571, 571, 571, 556, 556, 556, 556, 556, 556, 827, 827, 1022, 1022, 973, 973, 547, 547, 547, 547, 547, 547, 547, 547, 813, 960, 1009, 960, 781, 781, 781, 781, 781, 781, 781, 781, 796, 796, 992, 992, 943, 943, 943, 943, 578, 578, 446, 446, 556, 556, 222, 222, 556, 556, 547, 547, 781, 781, 578, 578, 578, 578, 578, 578, 578, 578, 667, 667, 813, 813, 813, 813, 813, 813, 556, 556, 556, 556, 556, 556, 556, 556, 820, 820, 1015, 1015, 1015, 1015, 1015, 1015, 781, 781, 781, 781, 781, 781, 781, 781, 796, 796, 992, 992, 943, 943, 943, 943, 578, 578, 578, 578, 578, 578, 578, 667, 667, 667, 667, 667, 333, 333, 333, 333, 333, 556, 556, 556, 556, 556, 813, 813, 869, 869, 722, 333, 333, 333, 222, 222, 222, 222, 222, 222, 278, 278, 424, 424, 333, 333, 333, 547, 547, 547, 547, 569, 569, 547, 547, 667, 667, 862, 887, 765, 333, 333, 333, 781, 781, 781, 781, 781, 924, 827, 894, 796, 748, 333, 333, 556, 722, 722, 833, 722, 1164, 944, 667, 611], 2824, [500, 594, 0, 0, 0, 0, 222, 222, 521, 667, 682, 349, 685, 367, 687, 687, 333, 333, 333, 333, 333, 333, 333, 333, 333, 278, 333, 333, 333, 333, 397, 397, 333, 0, 0, 0, 0, 0, 0, 0, 0, 0, 0, 0, 667, 556, 496, 748, 889, 531, 500, 551, 551, 490, 458, 222, 422, 500, 401, 688, 559, 556, 500, 608, 608, 608, 944, 457, 556, 556, 521, 542, 542, 458, 547, 597, 733, 597, 500, 722, 500, 458, 427, 607, 365, 500, 542, 521, 713, 583, 453, 664, 415, 415, 449, 410, 410, 496, 429, 167, 314, 425, 352, 510, 430, 429, 512, 382, 418, 451, 433, 429, 623, 372, 372, 377, 600, 377, 377, 372, 372, 318, 318, 377, 157, 339, 573, 382, 377, 354, 377, 377, 378, 220, 382, 407, 573, 321, 391, 385, 321, 378, 440, 343, 157, 240, 382, 321, 385, 321, 379, 440, 343, 936, 1300, 439, 1273, 657, 239, 544, 0, 0, 0, 0, 0, 0, 0, 0, 0, 337, 337, 489, 489, 450, 394, 450, 394, 709, 655, 749, 607, 609, 745, 656, 789, 584, 0, 0, 0, 556, 333, 354, 207, 207, 207, 207, 793, 1221, 500], 3024, [500], 3026, [333, 250, 167, 556, 278, 200, 83, 0, 737, 722, 833, 688, 908, 887, 887, 667, 722, 500, 556, 611, 500, 500, 581, 0, 0, 0, 0, 0, 569, 722, 722, 722, 542, 365, 0, 0, 0, 353, 0, 263, 289, 0, 0, 0, 0, 0, 0, 0, 713, 713, 244, 244, 713, 713, 244, 244, 713, 713, 244, 244, 713, 713, 244, 244, 713, 713, 244, 244, 713, 713, 244, 244, 713, 713, 244, 244, 563, 526, 530, 530, 563, 526, 530, 530, 337, 337, 337, 337, 489, 489, 821, 821, 531, 531, 544, 450, 526, 394, 544, 450, 526, 394, 544, 450, 526, 394, 789, 789, 268, 263, 789, 789, 268, 263, 812, 933, 394, 515, 812, 933, 394, 515, 812, 933, 394, 515, 338, 338, 394, 394, 338, 338, 394, 394, 526, 526, 244, 244, 526, 526, 244, 244, 526, 526, 244, 244, 506, 506, 207, 207, 489, 489, 489, 489, 821, 821, 531, 531, 556, 556, 278, 833, 556, 556, 333, 333, 500, 278, 500, 556, 380, 557, 786, 222, 222, 556, 547, 568, 556, 556, 278, 713, 500, 222, 833, 556, 556, 333, 500, 387, 500, 500, 500, 556, 556, 556, 556, 458, 458, 650, 222, 500, 222, 556, 545, 377, 354, 348, 373, 318, 229, 229, 377, 383, 157, 157, 157, 157, 271, 157, 157, 275, 572, 572, 382, 382, 382, 377, 375, 340, 157, 220, 382, 388, 378, 354, 321, 358, 358, 358, 369, 364, 0, 0, 0, 0, 278, 372, 372, 377, 328, 372, 778, 667, 556, 722, 333, 578, 578, 578, 578, 578, 578, 578, 578, 222, 222, 222, 222, 222, 222, 222, 222, 547, 547, 547, 547, 547, 547, 547, 547, 222, 222, 222, 222, 547, 547, 547, 547, 544, 601, 453, 667, 722, 668, 667, 556, 500, 222, 737, 556, 722, 333, 667, 500, 500, 500, 500, 222, 542, 365, 667, 500, 667, 500, 604, 458, 656, 583, 0, 0, 0, 0, 0, 0, 0, 0, 0, 943, 490, 500, 556, 222, 556, 667, 722, 556, 278, 722, 556, 667, 500, 611, 500, 500, 577, 425, 648, 0, 0, 0, 0, 0, 0, 222, 723, 722, 723, 0, 0, 0, 0, 0, 0, 0, 0, 0, 0, 0, 778, 556, 944, 722, 703, 0, 732, 597, 1037, 841, 278, 438, 191, 191, 500, 500, 278, 278, 278, 333, 0, 0, 0, 0, 0, 0, 0, 0, 611, 556, 556, 384, 539, 534, 556, 539, 561, 519, 556, 559, 556, 387, 556, 556, 556, 556, 562, 523, 556, 560, 721, 728, 746, 1161, 746, 376, 657, 778, 556, 222, 496, 255, 556, 289, 559, 556, 556, 376, 255, 222, 555, 567, 595, 613, 554, 504, 648, 617, 239, 431, 567, 467, 722, 615, 649, 553, 649, 607, 553, 508, 608, 551, 793, 554, 553, 507, 821, 833, 467, 649, 554, 613, 595, 555, 555, 555, 555, 555, 555, 595, 554, 554, 554, 554, 239, 239, 239, 239, 615, 649, 649, 649, 649, 649, 608, 608, 608, 608, 553, 555, 555, 555, 595, 595, 595, 595, 613, 613, 554, 554, 554, 554, 554, 648, 648, 648, 648, 617, 618, 239, 239, 239, 239, 239, 658, 431, 567, 467, 467, 467, 467, 615, 615, 615, 620, 649, 649, 649, 607, 607, 607, 553, 553, 553, 553, 553, 508, 508, 508, 507, 608, 608, 608, 608, 608, 608, 793, 793, 793, 793, 553, 553, 553, 507, 507, 507, 555, 821, 649, 555, 567, 460, 555, 554, 507, 617, 649, 239, 567, 544, 722, 615, 523, 649, 612, 553, 518, 508, 553, 659, 554, 658, 649, 555, 554, 617, 239, 649, 553, 649, 239, 553, 554, 710, 460, 597, 553, 239, 239, 431, 869, 839, 731, 511, 548, 612, 555, 565, 567, 460, 551, 554, 791, 515, 612, 612, 511, 551, 722, 617, 649, 612, 553, 595, 508, 548, 631, 554, 607, 561, 770, 765, 686, 738, 542, 597, 835, 607, 392, 333, 333, 333, 333, 333, 333, 333, 333, 333, 333, 333, 333, 333, 721, 721, 721, 721, 721, 721, 721, 721, 721, 721, 721, 728, 728, 728, 728, 728, 728, 728, 728, 728, 728, 728, 746, 746, 746, 746, 746, 746, 746, 746, 746, 746, 746, 746, 746, 376, 376, 376, 376, 376, 376, 376, 376, 376, 511, 376, 376, 376, 255, 255, 301, 331, 255, 376, 376, 376, 376, 376, 376, 376, 376, 657, 556, 556, 556, 556, 556, 556, 556, 556, 556, 222, 496, 255, 255, 301, 331, 255, 289, 289, 375, 289, 559, 559, 559, 559, 578, 333, 333, 333, 333, 616, 616, 616, 755, 604, 736, 269, 269, 269, 269, 269, 269, 269, 269, 269, 269, 269, 269, 269, 269, 269, 1573, 1756, 0, 1853, 0, 0, 0, 0, 563, 526, 530, 530, 563, 526, 530, 530, 821, 821, 531, 531, 489, 489, 563, 526, 530, 530, 207, 229, 207, 229, 638, 588, 244, 244, 638, 588, 244, 244, 638, 588, 244, 244, 432, 432, 432, 432, 812, 812, 812, 812, 563, 526, 530, 530, 821, 821, 531, 531, 821, 821, 531, 531, 601, 601, 394, 394, 588, 625, 573, 611, 920, 731, 882, 634, 1464, 0, 0, 0, 0, 0, 638, 588, 244, 244, 812, 933, 394, 515, 812, 933, 394, 515, 638, 588, 244, 244, 638, 588, 244, 244, 638, 588, 244, 244, 0, 577, 475, 611, 458, 719, 584, 667, 556, 1300, 556, 667, 960, 760, 788, 718, 958, 856, 667, 500, 1068, 884, 1132, 851, 722, 542, 705, 554, 278, 278, 557, 767, 398, 591, 557, 668, 576, 833, 667, 732, 695, 333, 556, 490, 159, 321, 667, 611, 278, 779, 1417, 1036, 1381, 1853, 207, 207, 207, 229, 207, 207, 207, 207, 290, 207, 207, 207, 207, 207, 207, 207, 207, 207, 207, 207, 244, 244, 244, 244, 244, 272, 244, 200, 343, 343, 556, 364, 364, 519, 519, 638, 638, 638, 638, 638, 638, 638, 638, 563, 563, 487, 563, 563, 487, 713, 713, 244, 244, 563, 526, 530, 530, 582, 582, 582, 582, 789, 789, 268, 263, 582, 582, 268, 263, 506, 506, 207, 207, 338, 338, 394, 394, 638, 588, 244, 244, 638, 588, 244, 244, 464, 464, 432, 432, 427, 427, 0, 0, 0, 0, 0, 0, 0, 0, 0, 0, 0, 0, 0, 0, 0, 0, 0, 0, 0, 0, 0, 0, 0, 0, 0, 0, 0, 544, 601, 0, 399, 508, 602, 643, 0, 0, 319, 319, 533, 530, 533, 530, 533, 530, 534, 533, 530, 582, 319, 394, 273, 185, 0, 793, 739, 725, 716, 718, 725, 709, 598, 724, 807, 716, 659, 528, 924, 767, 695, 616, 706, 718, 700, 754, 716, 708, 700, 725, 699, 792, 738, 764, 725, 698, 660, 678, 677, 516, 762, 686, 782, 762, 274, 222, 169, 200, 265, 231, 514, 833, 551, 580, 583, 553, 550, 492, 551, 667, 580, 551, 220, 834, 542, 553, 551, 523, 553, 559, 551, 220, 553, 456, 551, 347, 833, 517, 564, 551, 551, 831, 551, 555, 394, 831, 550, 555, 744, 713, 278, 324, 1001, 1001, 727, 1104, 1104, 1102, 1104, 1385, 556], 4198, [0, 0, 713, 713, 244, 244, 171, 337, 337, 1098, 1098, 846, 846, 812, 933, 394, 515, 282, 197, 489, 489, 0, 500, 722, 552, 1330, 1069, 667, 565, 656, 583, 830, 786, 534, 753, 753, 537, 743, 794, 544, 450, 526, 394, 601, 601, 394, 394, 0, 278, 209, 278, 209, 722, 556, 830, 627, 552, 552, 516, 516, 586, 586, 504, 553, 1155, 912, 1188, 918, 1020, 890, 962, 734, 962, 734, 962, 734, 722, 500, 667, 500, 667, 500, 667, 500, 651, 310, 556, 222, 802, 611, 878, 651, 1365, 952, 667, 556, 829, 701, 934, 810, 778, 556, 979, 748, 581, 410, 582, 582, 667, 500, 944, 722, 549, 494, 667, 556, 667, 556, 509, 408, 445, 445, 501, 501, 561, 561, 327, 677, 345, 961, 680, 333, 750, 672, 476, 778, 556, 405, 333, 590, 590, 578, 556, 222, 800, 599, 405, 333, 644, 500, 722, 444, 767, 601, 722, 500, 500, 556, 801, 685, 654, 278, 669, 525, 714, 549, 669, 525, 778, 556, 667, 500, 722, 556, 722, 333, 667, 500, 807, 604, 732, 684, 667, 611, 524, 735, 667, 575, 1003, 781, 770, 448, 639, 833, 611, 667, 833, 278, 1185, 578, 900, 478, 556, 666, 278, 556, 368, 347, 242, 851, 569, 556, 548, 548, 611, 944, 944, 944, 952, 952, 549, 607, 333, 503, 458, 627, 474, 700, 222, 556, 556, 833, 833, 613, 525, 613, 594, 604, 500, 604, 500, 500, 333, 383, 273, 248, 415, 721, 766, 944, 918, 556, 649, 667, 611, 713, 713, 244, 244, 713, 713, 244, 244, 713, 713, 385, 385, 489, 489, 638, 588, 244, 244, 789, 789, 268, 263, 582, 582, 268, 263, 526, 526, 244, 244, 0, 0, 0, 0, 0, 0, 0, 0, 0, 0, 0, 0, 0, 0, 0, 0, 0, 483, 1057, 1057]], 'Encoding': /'Identity-H', 'ToUnicode': &lt;PDFStream(28): raw=333, {'Filter': /'FlateDecode', 'Length': 331}&gt;}</msg>
<msg timestamp="20211102 15:26:56.487" level="INFO">get_font: create: objid=46, spec={'BaseFont': /'WFLUYV+ArialMT', 'DescendantFonts': &lt;PDFObjRef:45&gt;, 'Encoding': /'Identity-H', 'Subtype': /'Type0', 'ToUnicode': &lt;PDFObjRef:29&gt;, 'Type': /'Font'}</msg>
<msg timestamp="20211102 15:26:56.488" level="INFO">get_font: create: objid=None, spec={'BaseFont': /'QHZSKM+ArialMT', 'CIDSystemInfo': &lt;PDFObjRef:40&gt;, 'CIDToGIDMap': /'Identity', 'DW': 1000, 'FontDescriptor': &lt;PDFObjRef:41&gt;, 'Subtype': /'CIDFontType2', 'Type': /'Font', 'W': [0, [750, 0, 278, 278, 278, 355, 556, 556, 889, 667, 191, 333, 333, 389, 584, 278, 333, 278, 278, 556, 556, 556, 556, 556, 556, 556, 556, 556, 556, 278, 278, 584, 584, 584, 556, 1015, 667, 667, 722, 722, 667, 611, 778, 722, 278, 500, 667, 556, 833, 722, 778, 667, 778, 722, 667, 611, 722, 667, 944, 667, 667, 611, 278, 278, 278, 469, 556, 333, 556, 556, 500, 556, 556, 278, 556, 556, 222, 222, 500, 222, 833, 556, 556, 556, 556, 333, 500, 278, 556, 500, 722, 500, 500, 500, 334, 260, 334, 584, 667, 667, 722, 667, 722, 778, 722, 556, 556, 556, 556, 556, 556, 500, 556, 556, 556, 556, 278, 278, 278, 278, 556, 556, 556, 556, 556, 556, 556, 556, 556, 556, 556, 400, 556, 556, 556, 350, 537, 611, 737, 737], 141, [333, 333, 549], 145, [778, 713, 549, 549, 549, 556, 576, 494, 713, 823, 549, 274, 370, 365, 768, 889, 611, 611, 333, 584, 549, 556, 549, 612, 556, 556], 172, [667, 667, 778], 176, [944, 556], 179, [333, 333, 222, 222, 549, 494, 500, 667, 167, 556, 333, 333, 500, 500, 556, 278, 222, 333], 198, [667, 667, 667, 667, 667, 278, 278, 278, 278, 778, 778, 778, 722, 722, 722, 278, 333, 333, 333, 333, 333, 333, 333, 333, 333, 333, 556, 222, 667, 500, 611, 500, 260, 722, 556, 667, 500, 667, 556, 584, 584, 333, 333, 333, 834, 834, 834, 556, 778, 556, 278, 667, 500, 722, 500, 722, 500, 556, 552, 333, 667, 556, 667, 556, 722, 615, 722, 667, 556, 667, 556, 556, 222, 556, 292, 556, 334, 722, 556, 722, 556, 778, 556, 722, 333, 722, 333, 667, 500, 611, 278, 611, 375, 722, 556, 722, 556, 611, 500, 611, 500, 551, 778, 798, 578, 557, 446, 617, 395, 648, 552, 500, 365, 1094], 313, [500], 315, [500], 317, [500, 500, 979, 719, 583, 604, 584, 604, 604, 708, 625, 708, 708, 708, 708, 708, 708, 708, 708, 708, 708, 708, 708, 708, 708, 708, 708, 708, 708, 708, 708, 708, 708, 708, 708, 708, 708, 708, 708, 708, 708, 708, 708, 708, 708, 708, 708, 708, 708, 708, 708, 708, 708, 708, 708, 708, 729, 604], 376, [990, 990, 990, 990, 604, 604, 604, 1021, 1052, 917, 750, 750, 531, 656, 594, 510, 500, 750, 735, 444, 604, 188, 354, 885, 323, 604, 354, 354, 604, 354, 667, 556, 722, 500, 722, 500, 667, 556, 667, 556, 667, 556, 778, 556, 778, 556, 778, 556, 722, 556, 722, 556, 278, 278, 278, 278, 278, 278, 278, 222, 500, 222, 667, 500, 500, 556, 222, 722, 556, 723, 556, 778, 556, 778, 556, 722, 333, 667, 500, 611, 278, 722, 556, 722, 556, 722, 556, 722, 556, 944, 722, 667, 500, 222, 667, 556], 473, [889, 778, 611, 278, 944, 722, 944, 722, 944, 722, 667, 500, 222, 333, 556, 600, 834, 834, 834, 834, 333, 333, 333, 333, 667, 784, 838, 384, 774, 855, 752, 222, 667, 667, 668, 667, 611, 722, 278, 667, 668, 833, 722, 650, 778, 722, 667, 618, 611, 667, 667, 835, 748, 278, 667, 578, 446, 556, 222, 547, 575, 500, 441, 556, 556, 222, 500, 500, 576, 500, 448, 556, 569, 482, 547, 525, 713, 781, 222, 547, 556, 547, 781, 667, 865, 542, 719, 667, 278, 278, 500, 1057, 1010, 854, 583, 635, 719, 667, 656, 667, 542, 677, 667, 923, 604, 719, 719, 583, 656, 833, 722, 778, 719, 667, 722, 611, 635, 760, 667, 740, 667, 917, 938, 792, 885, 656, 719, 1010, 722, 556, 573, 531, 365, 583, 556, 669, 458, 559, 559, 438, 583, 688, 552, 556, 542, 556, 500, 458, 500, 823, 500, 573, 521, 802, 823, 625, 719, 521, 510, 750, 542, 556, 556, 365, 510, 500, 222, 278, 222, 906, 813, 556, 438, 500, 552, 489, 411], 651, [1073, 690, 0, 0, 0, 0, 0, 0, 0, 0, 0, 0, 0, 0, 0, 383, 0, 275, 0, 0, 278, 563, 542, 399, 508, 602, 247, 382, 599, 590, 247, 509, 461, 463, 599, 601, 247, 353, 574, 529, 566, 546, 461, 479, 550, 509, 694, 643, 493, 493, 493, 236, 417, 815, 247, 509, 509, 463, 463, 535, 694, 694, 694, 694, 563, 563, 563, 542, 399, 508, 602, 287, 411, 590, 287, 509, 461, 463, 601, 353, 574, 566, 546, 479, 550, 509, 694, 643, 247, 542, 461, 546, 576, 0, 0, 0, 0, 319, 319, 356, 413, 207, 0, 0, 0, 0, 0, 0, 0, 0, 526, 526, 526, 526, 526, 526, 526, 526, 526, 526, 526, 319, 526, 750, 750, 282, 750, 526, 526, 526, 750, 750, 750, 750, 750, 0, 750, 750, 750, 750, 750, 750, 750, 750, 638, 750, 750, 750, 713, 713, 244, 244, 750, 750, 750, 750, 563, 526, 530, 530, 489, 489, 812, 933, 394, 515, 812, 933, 394, 515, 638, 588, 375, 750, 750, 750, 750, 750, 750, 750, 750, 750, 750, 750, 750, 750, 750, 750, 0, 0, 0, 0, 0, 750, 750, 0, 0, 0, 0, 0, 0, 0, 0, 0, 0, 0, 0, 0, 0, 0, 0, 556], 864, [750, 750, 750, 750, 750, 750, 750, 750, 750, 750, 750, 750, 750, 750, 750, 750, 750, 750, 750, 750, 750, 750, 750, 750, 750, 750, 750, 750, 319, 319, 750, 616, 413, 207, 229, 207, 229, 432, 432, 207, 229, 638, 588, 244, 244, 207, 229, 713, 713, 244, 244, 282, 375, 713, 713, 244, 244, 713, 713, 244, 244, 563, 526, 530, 530, 563, 526, 530, 530, 563, 526, 530, 530, 337, 337, 337, 337, 489, 489, 489, 489, 821, 821, 531, 531, 821, 821, 531, 531, 1098, 1098, 846, 846, 1098, 1098, 846, 846, 582, 582, 582, 582, 582, 582, 582, 582, 544, 450, 526, 394, 544, 450, 526, 394, 789, 789, 268, 263, 582, 582, 268, 263, 601, 601, 394, 394, 506, 506, 207, 207, 338, 338, 394, 394, 526, 526, 244, 244, 282, 375, 450, 394, 432, 432, 638, 588, 638, 588, 244, 244, 544, 601, 544, 601, 544, 601, 544, 601, 750, 750, 0, 0, 750, 750, 750, 0, 0, 750, 750, 0, 0, 750, 750, 750, 0, 0, 0, 0, 0, 0, 750, 0, 0, 750, 750, 750, 750, 750, 750, 750, 750, 750, 750, 750, 750, 750, 750, 750, 750, 750, 750, 750, 750, 750, 750, 750, 750, 750, 750, 750, 750, 750, 750, 750, 750, 750, 750, 750, 750, 750, 750, 750, 750, 750, 750, 750, 750, 750, 750, 750, 750, 750, 750, 750, 750, 750, 750, 319, 319, 319, 750, 750, 750, 750, 750, 750, 750, 750, 750, 750, 750, 750, 750, 750, 750, 750, 750, 750, 750, 750, 750, 750, 750, 750, 125], 1129, [2000, 857, 656, 854, 669, 0, 0, 0, 0, 0, 0, 0, 0, 0, 0, 0, 0, 0, 0, 0, 0, 513, 834, 834, 0, 0, 0, 0, 0, 0, 0, 0, 0, 0, 0, 0, 0, 0, 0, 0, 0, 0, 0, 0, 0, 0, 0, 0, 0, 0, 0, 0, 0, 0, 0, 0, 0, 0, 222, 667, 556, 667, 556, 667, 556, 667, 556, 667, 556, 667, 556, 667, 556, 667, 556, 667, 556, 667, 556, 667, 556, 667, 556, 667, 556, 667, 556, 667, 556, 667, 556, 667, 556, 667, 556, 667, 556, 667, 556, 278, 222, 278, 222, 778, 556, 778, 556, 778, 556, 778, 556, 778, 556, 778, 556, 778, 556, 857, 656, 857, 656, 857, 656, 857, 656, 857, 656, 722, 556, 722, 556, 854, 669, 854, 669, 854, 669, 854, 669, 854, 669, 667, 500, 667, 500, 667, 500, 667, 556, 278, 222, 778, 556, 722, 556, 722, 556, 722, 556, 722, 556, 722, 556, 0, 0, 0, 0, 542, 365, 923, 669, 583, 438, 583, 438, 722, 552, 556, 500, 556, 500, 667, 500, 667, 521, 667, 556, 752, 556, 778, 556, 713, 244, 268, 263, 582, 244, 244, 244, 244, 244, 244, 269, 0, 0, 333, 333, 0, 0, 0, 0, 207, 229, 207, 229, 207, 229, 207, 229, 432, 432, 432, 432, 638, 588, 713, 713, 244, 244, 713, 713, 244, 244, 713, 713, 244, 244, 713, 713, 244, 244, 713, 713, 244, 244, 713, 713, 244, 244, 713, 713, 244, 244, 563, 526, 530, 530, 563, 526, 530, 530, 563, 526, 530, 530, 563, 526, 530, 530, 563, 526, 530, 530, 563, 526, 530, 530, 337, 337, 337, 337, 337, 337, 337, 337, 337, 337, 337, 337, 337, 337, 337, 337, 337, 337, 489, 489, 489, 489, 489, 489, 489, 489, 489, 489, 489, 489, 489, 489, 489, 489, 821, 821, 531, 531, 821, 821, 531, 531, 821, 821, 531, 531, 1098, 1098, 846, 846, 1098, 1098, 846, 846, 582, 582, 544, 450, 526, 394, 789, 789, 789, 268, 263, 789, 789, 268, 263, 789, 789, 268, 263, 789, 789, 268, 263, 789, 789, 268, 263, 582, 582, 582, 582, 1155, 1155, 906, 906, 812, 933, 394, 515, 601, 601, 394, 394, 601, 601, 394, 394, 601, 601, 394, 394, 812, 933, 394, 515, 812, 933, 394, 515, 812, 933, 394, 515, 812, 933, 394, 515, 812, 933, 394, 515, 506, 506, 207, 207, 506, 506, 207, 207, 506, 506, 207, 207, 506, 506, 207, 207, 526, 526, 244, 244, 526, 526, 526, 526, 526, 526, 244, 244, 526, 526, 563, 526, 530, 530, 282, 375, 388, 388, 388, 432, 432, 432, 432, 432, 432, 432, 432, 432, 432, 432, 432, 432, 432, 432, 432, 638, 588, 638, 588, 244, 244, 432, 432, 638, 588, 244, 244, 638, 588, 812, 812, 812, 812, 207, 0, 0, 0, 0, 0, 0, 0, 1123, 1084, 0, 0, 0, 0, 0, 0, 194, 370, 0, 0, 600, 0, 0, 0, 821, 821, 531, 531, 1098, 1098, 846, 846, 544, 450, 526, 394, 413, 338, 282, 244, 320, 244, 244, 244, 244, 244, 812, 933, 247, 0, 342, 493, 544, 601, 544, 601, 544, 601, 544, 601, 544, 601, 544, 601, 544, 601, 526, 526, 544, 601, 556, 758, 656, 556, 656, 556, 722, 722, 500, 722, 810, 656, 556, 557, 667, 604, 611, 778, 624, 881, 222, 278, 667, 500, 222, 500, 891, 722, 556, 778, 868, 667, 754, 556, 667, 667, 500, 618, 380, 278, 611, 278, 611, 748, 722, 772, 500, 611, 500, 611, 611, 545, 545, 556, 556, 458, 487, 556, 260, 413, 584, 278, 1333, 1222, 1049, 1062, 833, 451, 1222, 944, 771, 556, 667, 556, 0, 667, 556], 1752, [889, 778, 556, 778, 556, 667, 500, 778, 556, 778, 556, 611, 545, 222, 1333, 1222, 1049, 778, 556, 1034, 618, 722, 556, 667, 556, 667, 556, 667, 556, 667, 556, 278, 278, 278, 278, 778, 556, 778, 556, 722, 333, 722, 333, 722, 556, 722, 556, 667, 500, 611, 278, 545, 437, 722, 556, 706, 604, 565, 611, 500, 667, 556, 667, 556, 778, 556, 0, 778, 556, 778, 556, 778, 556, 667, 500, 556, 556, 556, 556, 500, 500, 556, 556, 556, 739, 458, 458, 631, 507, 278, 556, 556, 559, 501, 617, 556, 556, 556, 222, 222, 356, 327, 304, 222, 572, 833, 833, 833, 556, 556, 553, 556, 791, 781, 550, 333, 333, 333, 333, 333, 333, 333, 542, 542, 500, 222, 260, 222, 349, 278, 278, 556, 568, 547, 500, 722, 500, 520, 500, 541, 545, 545, 500, 500, 500, 500, 778, 531, 507, 559, 552, 397, 500, 404, 556, 500, 500, 964, 906, 1005, 712, 429, 719, 764, 661, 632, 485, 527, 383, 383, 159, 240, 240, 240, 364, 481, 321, 191, 355, 222, 222, 222, 333, 333, 349, 349, 584, 584, 584, 584, 333, 333, 333, 333, 333, 333, 333, 278, 278, 333, 333, 333, 333, 333, 333, 333, 333, 322, 157, 340, 328, 349, 383, 383, 383, 383, 383, 333, 333, 333, 333, 333, 542, 542, 542, 542, 542, 542, 542, 542, 542, 383, 542, 542, 542, 542, 542, 383, 542, 542, 542, 542, 542, 383, 542, 542, 542, 542, 542, 383, 542, 542, 542, 542, 542, 383, 542, 542, 542, 542, 542, 542, 542, 542, 542, 383, 542, 542, 542, 542, 542, 383, 542, 542, 542, 542, 542, 383, 542, 542, 542, 542, 542, 383, 542, 542, 542, 542, 542, 383, 542, 542, 542, 542, 542, 542, 542, 542, 542, 383, 542, 542, 542, 542, 542, 383, 542, 542, 542, 542, 542, 383, 542, 542, 542, 542, 542, 383, 542, 542, 542, 542, 542, 383, 542, 542, 542, 542, 542, 542, 542, 542, 542, 383, 542, 542, 542, 542, 542, 383, 542, 542, 542, 542, 542, 383, 542, 542, 542, 542, 542, 383, 542, 542, 542, 542, 542, 383, 542, 542, 542, 542, 0, 0, 0, 0, 0, 0, 0, 0, 0, 0, 0, 0, 0, 0, 0, 0, 0, 0, 0, 0, 0, 0, 0, 0, 0, 0, 0, 0, 0, 0, 0, 0, 0, 0, 0, 0, 0, 0, 0, 0, 0, 0, 0, 0, 0, 0, 0, 0, 0, 0, 0, 0, 0, 0, 0, 0, 0, 0, 0, 0, 0, 0, 0, 0, 0, 0, 0, 0, 0, 0, 0, 0, 0, 0, 0, 0, 0, 0, 0, 0, 0, 0, 0, 0, 0, 0, 0, 0, 0, 0, 0, 333, 333, 333, 575, 547, 772, 958, 772, 560, 781, 601, 778, 556, 722, 500, 611, 404, 625, 529, 756, 577, 891, 833, 674, 556, 674, 500, 667, 667, 609, 596, 737, 554, 464, 410, 601, 573, 500, 222, 778, 442, 442, 667, 719, 556, 559, 1338, 624, 778, 613, 950, 713, 668, 500, 897, 695, 829, 685, 1053, 867, 604, 458, 796, 688, 778, 556, 803, 631, 803, 631, 1074, 896, 833, 612, 1191, 852, 0, 1338, 624, 722, 500, 503, 0, 0, 0, 0, 0, 0, 719, 559, 656, 521, 667, 556, 670, 549, 604, 458, 583, 438, 742, 536, 879, 648, 1137, 870, 753, 521, 722, 500, 611, 458, 925, 691, 667, 521, 861, 666, 861, 666, 278, 923, 669, 667, 551, 656, 583, 722, 552, 722, 552, 667, 521, 833, 688, 333, 667, 556, 667, 556], 2346, [889, 667, 556, 752, 556, 923, 669, 604, 458, 604, 545, 719, 559, 719, 559, 778, 556, 778, 556, 719, 510, 635, 500, 635, 500, 635, 500, 667, 521, 885, 719, 656, 556, 968, 876, 956, 815, 663, 509, 970, 910, 1034, 878, 778, 559, 747, 666, 0, 0, 0, 0, 0, 0, 0, 0, 0, 0, 0, 0, 0, 0, 0, 0, 0, 0, 0, 0, 0, 0, 0, 0, 0, 0, 0, 0, 0, 0, 0, 0, 0, 0, 0, 0, 0, 0, 667, 556, 667, 556, 667, 556, 667, 556, 722, 500, 722, 556, 722, 556, 722, 556, 722, 556, 722, 556, 667, 556, 667, 556, 667, 556, 667, 556, 667, 556, 611, 278, 778, 556, 722, 556, 722, 556, 722, 556, 722, 556, 722, 556, 278, 222, 278, 278, 667, 500, 667, 500, 667, 500, 556, 222, 556, 222, 556, 222, 556, 222, 833, 833, 833, 833, 833, 833, 722, 556, 722, 556, 722, 556, 722, 556, 778, 556, 778, 556, 778, 556, 778, 556, 667, 556, 667, 556, 722, 333, 722, 333, 722, 333, 722, 333, 667, 500, 667, 500, 667, 500, 667, 500, 667, 500, 611, 278, 611, 278, 611, 278, 611, 278, 722, 556, 722, 556, 722, 556, 722, 556, 722, 556, 667, 500, 667, 500, 944, 722, 944, 722, 667, 500, 667, 500, 667, 500, 611, 500, 611, 500, 611, 500, 556, 278, 722, 500, 556, 222, 578, 578, 578, 578, 578, 578, 578, 578, 667, 667, 813, 813, 813, 813, 813, 813, 446, 446, 446, 446, 446, 446, 765, 765, 928, 928, 928, 928, 556, 556, 556, 556, 556, 556, 556, 556, 820, 820, 1015, 1015, 1015, 1015, 1015, 1015, 222, 222, 222, 222, 222, 222, 222, 222, 375, 375, 571, 571, 571, 571, 571, 571, 556, 556, 556, 556, 556, 556, 827, 827, 1022, 1022, 973, 973, 547, 547, 547, 547, 547, 547, 547, 547, 813, 960, 1009, 960, 781, 781, 781, 781, 781, 781, 781, 781, 796, 796, 992, 992, 943, 943, 943, 943, 578, 578, 446, 446, 556, 556, 222, 222, 556, 556, 547, 547, 781, 781, 578, 578, 578, 578, 578, 578, 578, 578, 667, 667, 813, 813, 813, 813, 813, 813, 556, 556, 556, 556, 556, 556, 556, 556, 820, 820, 1015, 1015, 1015, 1015, 1015, 1015, 781, 781, 781, 781, 781, 781, 781, 781, 796, 796, 992, 992, 943, 943, 943, 943, 578, 578, 578, 578, 578, 578, 578, 667, 667, 667, 667, 667, 333, 333, 333, 333, 333, 556, 556, 556, 556, 556, 813, 813, 869, 869, 722, 333, 333, 333, 222, 222, 222, 222, 222, 222, 278, 278, 424, 424, 333, 333, 333, 547, 547, 547, 547, 569, 569, 547, 547, 667, 667, 862, 887, 765, 333, 333, 333, 781, 781, 781, 781, 781, 924, 827, 894, 796, 748, 333, 333, 556, 722, 722, 833, 722, 1164, 944, 667, 611], 2824, [500, 594, 0, 0, 0, 0, 222, 222, 521, 667, 682, 349, 685, 367, 687, 687, 333, 333, 333, 333, 333, 333, 333, 333, 333, 278, 333, 333, 333, 333, 397, 397, 333, 0, 0, 0, 0, 0, 0, 0, 0, 0, 0, 0, 667, 556, 496, 748, 889, 531, 500, 551, 551, 490, 458, 222, 422, 500, 401, 688, 559, 556, 500, 608, 608, 608, 944, 457, 556, 556, 521, 542, 542, 458, 547, 597, 733, 597, 500, 722, 500, 458, 427, 607, 365, 500, 542, 521, 713, 583, 453, 664, 415, 415, 449, 410, 410, 496, 429, 167, 314, 425, 352, 510, 430, 429, 512, 382, 418, 451, 433, 429, 623, 372, 372, 377, 600, 377, 377, 372, 372, 318, 318, 377, 157, 339, 573, 382, 377, 354, 377, 377, 378, 220, 382, 407, 573, 321, 391, 385, 321, 378, 440, 343, 157, 240, 382, 321, 385, 321, 379, 440, 343, 936, 1300, 439, 1273, 657, 239, 544, 0, 0, 0, 0, 0, 0, 0, 0, 0, 337, 337, 489, 489, 450, 394, 450, 394, 709, 655, 749, 607, 609, 745, 656, 789, 584, 0, 0, 0, 556, 333, 354, 207, 207, 207, 207, 793, 1221, 500], 3024, [500], 3026, [333, 250, 167, 556, 278, 200, 83, 0, 737, 722, 833, 688, 908, 887, 887, 667, 722, 500, 556, 611, 500, 500, 581, 0, 0, 0, 0, 0, 569, 722, 722, 722, 542, 365, 0, 0, 0, 353, 0, 263, 289, 0, 0, 0, 0, 0, 0, 0, 713, 713, 244, 244, 713, 713, 244, 244, 713, 713, 244, 244, 713, 713, 244, 244, 713, 713, 244, 244, 713, 713, 244, 244, 713, 713, 244, 244, 563, 526, 530, 530, 563, 526, 530, 530, 337, 337, 337, 337, 489, 489, 821, 821, 531, 531, 544, 450, 526, 394, 544, 450, 526, 394, 544, 450, 526, 394, 789, 789, 268, 263, 789, 789, 268, 263, 812, 933, 394, 515, 812, 933, 394, 515, 812, 933, 394, 515, 338, 338, 394, 394, 338, 338, 394, 394, 526, 526, 244, 244, 526, 526, 244, 244, 526, 526, 244, 244, 506, 506, 207, 207, 489, 489, 489, 489, 821, 821, 531, 531, 556, 556, 278, 833, 556, 556, 333, 333, 500, 278, 500, 556, 380, 557, 786, 222, 222, 556, 547, 568, 556, 556, 278, 713, 500, 222, 833, 556, 556, 333, 500, 387, 500, 500, 500, 556, 556, 556, 556, 458, 458, 650, 222, 500, 222, 556, 545, 377, 354, 348, 373, 318, 229, 229, 377, 383, 157, 157, 157, 157, 271, 157, 157, 275, 572, 572, 382, 382, 382, 377, 375, 340, 157, 220, 382, 388, 378, 354, 321, 358, 358, 358, 369, 364, 0, 0, 0, 0, 278, 372, 372, 377, 328, 372, 778, 667, 556, 722, 333, 578, 578, 578, 578, 578, 578, 578, 578, 222, 222, 222, 222, 222, 222, 222, 222, 547, 547, 547, 547, 547, 547, 547, 547, 222, 222, 222, 222, 547, 547, 547, 547, 544, 601, 453, 667, 722, 668, 667, 556, 500, 222, 737, 556, 722, 333, 667, 500, 500, 500, 500, 222, 542, 365, 667, 500, 667, 500, 604, 458, 656, 583, 0, 0, 0, 0, 0, 0, 0, 0, 0, 943, 490, 500, 556, 222, 556, 667, 722, 556, 278, 722, 556, 667, 500, 611, 500, 500, 577, 425, 648, 0, 0, 0, 0, 0, 0, 222, 723, 722, 723, 0, 0, 0, 0, 0, 0, 0, 0, 0, 0, 0, 778, 556, 944, 722, 703, 0, 732, 597, 1037, 841, 278, 438, 191, 191, 500, 500, 278, 278, 278, 333, 0, 0, 0, 0, 0, 0, 0, 0, 611, 556, 556, 384, 539, 534, 556, 539, 561, 519, 556, 559, 556, 387, 556, 556, 556, 556, 562, 523, 556, 560, 721, 728, 746, 1161, 746, 376, 657, 778, 556, 222, 496, 255, 556, 289, 559, 556, 556, 376, 255, 222, 555, 567, 595, 613, 554, 504, 648, 617, 239, 431, 567, 467, 722, 615, 649, 553, 649, 607, 553, 508, 608, 551, 793, 554, 553, 507, 821, 833, 467, 649, 554, 613, 595, 555, 555, 555, 555, 555, 555, 595, 554, 554, 554, 554, 239, 239, 239, 239, 615, 649, 649, 649, 649, 649, 608, 608, 608, 608, 553, 555, 555, 555, 595, 595, 595, 595, 613, 613, 554, 554, 554, 554, 554, 648, 648, 648, 648, 617, 618, 239, 239, 239, 239, 239, 658, 431, 567, 467, 467, 467, 467, 615, 615, 615, 620, 649, 649, 649, 607, 607, 607, 553, 553, 553, 553, 553, 508, 508, 508, 507, 608, 608, 608, 608, 608, 608, 793, 793, 793, 793, 553, 553, 553, 507, 507, 507, 555, 821, 649, 555, 567, 460, 555, 554, 507, 617, 649, 239, 567, 544, 722, 615, 523, 649, 612, 553, 518, 508, 553, 659, 554, 658, 649, 555, 554, 617, 239, 649, 553, 649, 239, 553, 554, 710, 460, 597, 553, 239, 239, 431, 869, 839, 731, 511, 548, 612, 555, 565, 567, 460, 551, 554, 791, 515, 612, 612, 511, 551, 722, 617, 649, 612, 553, 595, 508, 548, 631, 554, 607, 561, 770, 765, 686, 738, 542, 597, 835, 607, 392, 333, 333, 333, 333, 333, 333, 333, 333, 333, 333, 333, 333, 333, 721, 721, 721, 721, 721, 721, 721, 721, 721, 721, 721, 728, 728, 728, 728, 728, 728, 728, 728, 728, 728, 728, 746, 746, 746, 746, 746, 746, 746, 746, 746, 746, 746, 746, 746, 376, 376, 376, 376, 376, 376, 376, 376, 376, 511, 376, 376, 376, 255, 255, 301, 331, 255, 376, 376, 376, 376, 376, 376, 376, 376, 657, 556, 556, 556, 556, 556, 556, 556, 556, 556, 222, 496, 255, 255, 301, 331, 255, 289, 289, 375, 289, 559, 559, 559, 559, 578, 333, 333, 333, 333, 616, 616, 616, 755, 604, 736, 269, 269, 269, 269, 269, 269, 269, 269, 269, 269, 269, 269, 269, 269, 269, 1573, 1756, 0, 1853, 0, 0, 0, 0, 563, 526, 530, 530, 563, 526, 530, 530, 821, 821, 531, 531, 489, 489, 563, 526, 530, 530, 207, 229, 207, 229, 638, 588, 244, 244, 638, 588, 244, 244, 638, 588, 244, 244, 432, 432, 432, 432, 812, 812, 812, 812, 563, 526, 530, 530, 821, 821, 531, 531, 821, 821, 531, 531, 601, 601, 394, 394, 588, 625, 573, 611, 920, 731, 882, 634, 1464, 0, 0, 0, 0, 0, 638, 588, 244, 244, 812, 933, 394, 515, 812, 933, 394, 515, 638, 588, 244, 244, 638, 588, 244, 244, 638, 588, 244, 244, 0, 577, 475, 611, 458, 719, 584, 667, 556, 1300, 556, 667, 960, 760, 788, 718, 958, 856, 667, 500, 1068, 884, 1132, 851, 722, 542, 705, 554, 278, 278, 557, 767, 398, 591, 557, 668, 576, 833, 667, 732, 695, 333, 556, 490, 159, 321, 667, 611, 278, 779, 1417, 1036, 1381, 1853, 207, 207, 207, 229, 207, 207, 207, 207, 290, 207, 207, 207, 207, 207, 207, 207, 207, 207, 207, 207, 244, 244, 244, 244, 244, 272, 244, 200, 343, 343, 556, 364, 364, 519, 519, 638, 638, 638, 638, 638, 638, 638, 638, 563, 563, 487, 563, 563, 487, 713, 713, 244, 244, 563, 526, 530, 530, 582, 582, 582, 582, 789, 789, 268, 263, 582, 582, 268, 263, 506, 506, 207, 207, 338, 338, 394, 394, 638, 588, 244, 244, 638, 588, 244, 244, 464, 464, 432, 432, 427, 427, 0, 0, 0, 0, 0, 0, 0, 0, 0, 0, 0, 0, 0, 0, 0, 0, 0, 0, 0, 0, 0, 0, 0, 0, 0, 0, 0, 544, 601, 0, 399, 508, 602, 643, 0, 0, 319, 319, 533, 530, 533, 530, 533, 530, 534, 533, 530, 582, 319, 394, 273, 185, 0, 793, 739, 725, 716, 718, 725, 709, 598, 724, 807, 716, 659, 528, 924, 767, 695, 616, 706, 718, 700, 754, 716, 708, 700, 725, 699, 792, 738, 764, 725, 698, 660, 678, 677, 516, 762, 686, 782, 762, 274, 222, 169, 200, 265, 231, 514, 833, 551, 580, 583, 553, 550, 492, 551, 667, 580, 551, 220, 834, 542, 553, 551, 523, 553, 559, 551, 220, 553, 456, 551, 347, 833, 517, 564, 551, 551, 831, 551, 555, 394, 831, 550, 555, 744, 713, 278, 324, 1001, 1001, 727, 1104, 1104, 1102, 1104, 1385, 556], 4198, [0, 0, 713, 713, 244, 244, 171, 337, 337, 1098, 1098, 846, 846, 812, 933, 394, 515, 282, 197, 489, 489, 0, 500, 722, 552, 1330, 1069, 667, 565, 656, 583, 830, 786, 534, 753, 753, 537, 743, 794, 544, 450, 526, 394, 601, 601, 394, 394, 0, 278, 209, 278, 209, 722, 556, 830, 627, 552, 552, 516, 516, 586, 586, 504, 553, 1155, 912, 1188, 918, 1020, 890, 962, 734, 962, 734, 962, 734, 722, 500, 667, 500, 667, 500, 667, 500, 651, 310, 556, 222, 802, 611, 878, 651, 1365, 952, 667, 556, 829, 701, 934, 810, 778, 556, 979, 748, 581, 410, 582, 582, 667, 500, 944, 722, 549, 494, 667, 556, 667, 556, 509, 408, 445, 445, 501, 501, 561, 561, 327, 677, 345, 961, 680, 333, 750, 672, 476, 778, 556, 405, 333, 590, 590, 578, 556, 222, 800, 599, 405, 333, 644, 500, 722, 444, 767, 601, 722, 500, 500, 556, 801, 685, 654, 278, 669, 525, 714, 549, 669, 525, 778, 556, 667, 500, 722, 556, 722, 333, 667, 500, 807, 604, 732, 684, 667, 611, 524, 735, 667, 575, 1003, 781, 770, 448, 639, 833, 611, 667, 833, 278, 1185, 578, 900, 478, 556, 666, 278, 556, 368, 347, 242, 851, 569, 556, 548, 548, 611, 944, 944, 944, 952, 952, 549, 607, 333, 503, 458, 627, 474, 700, 222, 556, 556, 833, 833, 613, 525, 613, 594, 604, 500, 604, 500, 500, 333, 383, 273, 248, 415, 721, 766, 944, 918, 556, 649, 667, 611, 713, 713, 244, 244, 713, 713, 244, 244, 713, 713, 385, 385, 489, 489, 638, 588, 244, 244, 789, 789, 268, 263, 582, 582, 268, 263, 526, 526, 244, 244, 0, 0, 0, 0, 0, 0, 0, 0, 0, 0, 0, 0, 0, 0, 0, 0, 0, 483, 1057, 1057]], 'Encoding': /'Identity-H', 'ToUnicode': &lt;PDFStream(29): raw=281, {'Filter': /'FlateDecode', 'Length': 279}&gt;}</msg>
<msg timestamp="20211102 15:26:56.489" level="INFO">get_font: create: objid=51, spec={'BaseFont': /'ABZFUS+Arial-BoldMT', 'DescendantFonts': &lt;PDFObjRef:50&gt;, 'Encoding': /'Identity-H', 'Subtype': /'Type0', 'ToUnicode': &lt;PDFObjRef:32&gt;, 'Type': /'Font'}</msg>
<msg timestamp="20211102 15:26:56.489" level="INFO">get_font: create: objid=None, spec={'BaseFont': /'ABZFUS+Arial-BoldMT', 'CIDSystemInfo': &lt;PDFObjRef:47&gt;, 'CIDToGIDMap': /'Identity', 'DW': 1000, 'FontDescriptor': &lt;PDFObjRef:48&gt;, 'Subtype': /'CIDFontType2', 'Type': /'Font', 'W': [0, [750, 0], 2, 3, 278, 4, [333, 474], 6, 7, 556, 8, [889, 722, 238], 11, 12, 333, 13, [389, 584, 278, 333], 17, 18, 278, 19, 28, 556, 29, 30, 333, 31, 33, 584, 34, [611, 975], 36, 39, 722, 40, [667, 611, 778, 722, 278, 556, 722, 611, 833, 722, 778, 667, 778, 722, 667, 611, 722, 667, 944], 59, 60, 667, 61, [611, 333, 278, 333, 584, 556, 333, 556, 611, 556, 611, 556, 333], 74, 75, 611, 76, 77, 278, 78, [556, 278, 889], 81, 84, 611, 85, [389, 556, 333, 611, 556, 778], 91, 92, 556, 93, [500, 389, 280, 389, 584], 98, 100, 722, 101, [667, 722, 778, 722], 105, 115, 556, 116, 119, 278, 120, 129, 611, 130, [556, 400], 132, 134, 556, 135, [350, 556, 611], 138, 139, 737, 141, 142, 333, 143, [549], 145, [778, 713], 147, 149, 549, 150, [556, 576, 494, 713, 823, 549, 274, 370, 365, 768, 889], 161, 162, 611, 163, [333, 584, 549, 556, 549, 612], 169, 170, 556, 172, 173, 722, 174, [778], 176, [944, 556], 179, 180, 500, 181, 182, 278, 183, [549, 494, 556, 667, 167, 556], 189, 190, 333, 191, 192, 611, 193, [556], 194, 195, 278, 196, [500], 198, [722, 667, 722], 201, 202, 667, 203, 206, 278, 207, 209, 778, 210, 212, 722, 213, [278], 214, 223, 333, 224, [611, 278, 667, 556, 611, 500, 280, 722, 611, 667, 556, 667, 611], 237, 238, 584, 239, 241, 333, 242, 244, 834, 245, [556, 778, 611, 278, 667, 556, 722, 556, 722, 556, 611, 552, 333, 722, 556, 722, 556, 722, 719, 722, 667, 556, 667, 556, 611, 278, 611, 385, 611, 479, 722, 611, 722, 611, 778, 611, 722, 389, 722, 389, 667, 556, 611, 333, 611, 479, 722, 611, 722], 294, 295, 611, 296, [500, 611, 500, 601, 778, 821, 615, 606, 475, 684, 446, 715, 552, 604, 396, 1094], 313, [500], 315, [500], 317, 318, 500, 319, [979, 722, 583, 604, 584], 324, 325, 604, 326, [708, 625], 328, 372, 708, 373, [729, 604], 376, 379, 990, 380, 382, 604, 383, [1021, 1052, 917], 386, 387, 750, 388, [531, 656, 594, 510, 500, 750, 785, 556, 708, 240, 479, 885, 489, 604], 402, 403, 354, 404, [604, 354, 722, 556, 722, 556, 722, 556, 667, 556, 667, 556, 667, 556, 778, 611, 778, 611, 778, 611, 722, 611, 722, 611], 428, 435, 278, 436, [556, 278, 722], 439, 440, 556, 441, [611, 278, 722, 611, 723, 611, 778, 611, 778, 611, 722, 389, 667, 556, 611, 333, 722, 611, 722, 611, 722, 611, 722, 611, 944, 778, 667, 556, 278, 722, 556], 473, [889, 778, 611, 333, 944, 778, 944, 778, 944, 778, 667, 556, 278, 333, 556, 600], 489, 492, 834, 493, 495, 333, 496, [465, 722, 853, 906, 474, 825, 927, 838, 278], 505, 506, 722, 507, [719, 667, 611, 722, 278, 722, 667, 833, 722, 644, 778, 722, 667, 600, 611], 522, 523, 667, 524, [809, 802, 278, 667, 615, 451, 611, 278, 582, 610, 556, 460, 611, 541, 278, 558, 556, 612, 556, 445, 611, 619, 520, 582, 576, 753, 845, 278, 582, 611, 582, 845, 669, 885, 567, 711, 667, 278, 276, 556, 1094, 1063, 875, 610, 622, 719, 722, 719, 722, 567, 712, 667, 904, 626], 578, 579, 719, 580, [610, 702, 833, 722, 778, 719, 667, 722, 611, 622, 854, 667, 730, 703, 1005, 1019, 870, 979, 719, 711, 1031, 719, 556, 618, 615, 417, 635, 556, 709, 497], 610, 611, 615, 612, [500, 635, 740, 604, 611, 604, 611, 556, 490, 556, 875, 556, 615, 581, 833, 844, 729, 854, 615, 552, 854, 583, 556, 611, 417, 552, 556, 278, 281, 278, 969, 906, 611, 500, 556, 604, 487, 447], 651, [1115, 766], 653, 665, 0, 666, [447, 0, 299], 669, 670, 0, 671, [333, 583, 576, 457, 550, 614, 273, 413, 616, 626, 273, 521, 491, 496, 611, 630, 273, 386, 613, 543, 594, 587, 500, 512, 573, 521, 715, 673], 699, 701, 546, 702, [276, 504, 818, 273], 706, 707, 521, 708, 709, 496, 710, [559], 711, 714, 715, 715, 717, 583, 718, [576, 454, 550, 614, 323, 438, 626, 323, 521, 491, 496, 630, 386, 613, 594, 587, 512, 573, 521, 715, 673, 273, 576, 491, 587, 607], 744, 747, 0, 748, 749, 319, 750, [356, 469, 198], 753, 760, 0, 761, 770, 562, 771, [526, 319, 526], 774, 775, 750, 776, [343, 750], 778, 780, 562, 781, 785, 750, 786, [0], 787, 794, 750, 795, [612], 796, 798, 750, 799, 800, 649, 801, 802, 271, 803, 806, 750, 807, [577, 559], 809, 810, 523, 811, 812, 433, 813, [757, 879, 360, 542, 757, 879, 360, 542, 645, 554, 415], 824, 838, 750, 839, 843, 0, 844, 845, 750, 846, 861, 0, 862, [556], 864, 891, 750, 892, 893, 319, 894, [750, 703, 469, 238, 253, 217, 234], 901, 902, 451, 903, [217, 234, 645, 577], 907, 908, 271, 909, [217, 234], 911, 912, 649, 913, 914, 271, 915, [343, 415], 917, 918, 649, 919, 920, 271, 921, 922, 649, 923, 924, 271, 925, [577, 559], 927, 928, 523, 929, [577, 559], 931, 932, 523, 933, [577, 559], 935, 936, 523, 937, 940, 343, 941, 944, 433, 945, 946, 899, 947, 948, 608, 949, 950, 899, 951, 952, 608, 953, 954, 1063, 955, 956, 771, 957, 958, 1063, 959, 960, 771, 961, 968, 523, 969, [541, 469, 541, 360, 541, 469, 541, 360], 977, 978, 758, 979, [305, 324], 981, 982, 612, 983, [305, 324], 985, 986, 541, 987, 988, 360, 989, 990, 451, 991, 992, 234, 993, 994, 360, 995, 996, 415, 997, 998, 541, 999, 1000, 271, 1001, [343, 415, 469], 1004, 1006, 451, 1007, [645, 554, 645, 577], 1011, 1012, 271, 1013, [541, 596, 486, 541, 486, 541, 486, 541], 1021, 1022, 750, 1023, 1024, 0, 1025, 1027, 750, 1028, 1029, 0, 1030, 1031, 750, 1032, 1033, 0, 1034, 1036, 750, 1037, 1042, 0, 1043, [750], 1044, 1045, 0, 1046, 1099, 750, 1100, 1102, 319, 1103, 1125, 750, 1126, [343, 125], 1129, [2000, 853, 711, 830, 724], 1134, 1149, 0, 1150, [513], 1151, 1152, 834, 1153, 1186, 0, 1187, [278, 722, 556, 722, 556, 722, 556, 722, 556, 722, 556, 722, 556, 722, 556, 722, 556, 722, 556, 722, 556, 722, 556, 722, 556, 667, 556, 667, 556, 667, 556, 667, 556, 667, 556, 667, 556, 667, 556, 667, 556], 1228, 1231, 278, 1232, [778, 611, 778, 611, 778, 611, 778, 611, 778, 611, 778, 611, 778, 611, 853, 711, 853, 711, 853, 711, 853, 711, 853, 711, 722, 611, 722, 611, 830, 724, 830, 724, 830, 724, 830, 724, 830, 724, 667, 556, 667, 556, 667, 556, 722, 556], 1278, 1279, 278, 1280, [778, 611, 722, 611, 722, 611, 722, 611, 722, 611, 722, 611], 1292, 1295, 0, 1296, [567, 417, 904, 709, 610, 500, 610, 500, 722, 604], 1306, 1309, 556, 1310, [667, 556, 703, 581, 703, 611, 726, 556, 778, 611, 649, 271, 305, 324, 612], 1325, 1330, 271, 1331, 1333, 0, 1334, 1335, 333, 1336, 1339, 0, 1340, [217, 234, 217, 234, 217, 234, 217, 234], 1348, 1351, 451, 1352, [645, 554], 1354, 1355, 649, 1356, 1357, 271, 1358, 1359, 649, 1360, 1361, 271, 1362, 1363, 649, 1364, 1365, 271, 1366, 1367, 649, 1368, 1369, 271, 1370, 1371, 649, 1372, 1373, 271, 1374, 1375, 649, 1376, 1377, 271, 1378, 1379, 649, 1380, 1381, 271, 1382, [577, 559], 1384, 1385, 523, 1386, [577, 559], 1388, 1389, 523, 1390, [577, 559], 1392, 1393, 523, 1394, [577, 559], 1396, 1397, 523, 1398, [577, 559], 1400, 1401, 523, 1402, [577, 559], 1404, 1405, 523, 1406, 1423, 343, 1424, 1439, 433, 1440, 1441, 899, 1442, 1443, 608, 1444, 1445, 899, 1446, 1447, 608, 1448, 1449, 899, 1450, 1451, 608, 1452, 1453, 1063, 1454, 1455, 771, 1456, 1457, 1063, 1458, 1459, 771, 1460, 1461, 523, 1462, [541, 469, 541, 360], 1466, 1468, 758, 1469, [305, 324], 1471, 1472, 758, 1473, [305, 324], 1475, 1476, 758, 1477, [305, 324], 1479, 1480, 758, 1481, [305, 324], 1483, 1484, 758, 1485, [305, 324], 1487, 1490, 612, 1491, 1492, 1155, 1493, 1494, 906, 1495, [757, 879, 360, 542], 1499, 1500, 541, 1501, 1502, 360, 1503, 1504, 541, 1505, 1506, 360, 1507, 1508, 541, 1509, 1510, 360, 1511, [757, 879, 360, 542, 757, 879, 360, 542, 757, 879, 360, 542, 757, 879, 360, 542, 757, 879, 360, 542], 1531, 1532, 451, 1533, 1534, 234, 1535, 1536, 451, 1537, 1538, 234, 1539, 1540, 451, 1541, 1542, 234, 1543, 1544, 451, 1545, 1546, 234, 1547, 1548, 541, 1549, 1550, 271, 1551, 1556, 541, 1557, 1558, 271, 1559, 1560, 541, 1561, [577, 559], 1563, 1564, 523, 1565, [343, 415], 1567, 1569, 388, 1570, 1585, 451, 1586, [645, 554, 645, 554], 1590, 1591, 271, 1592, 1593, 451, 1594, [645, 554], 1596, 1597, 271, 1598, [645, 554], 1600, 1603, 812, 1604, [207], 1605, 1611, 0, 1612, [1123, 1084], 1614, 1619, 0, 1620, [213, 371], 1622, 1623, 0, 1624, [600], 1625, 1627, 0, 1628, 1629, 899, 1630, 1631, 608, 1632, 1633, 1063, 1634, 1635, 771, 1636, [541, 469, 541, 360, 469, 360, 343, 271, 320], 1645, 1649, 244, 1650, [757, 879, 273, 0, 414, 546, 486, 541, 486, 541, 486, 541, 486, 541, 486, 541, 486, 541, 486, 541], 1670, 1671, 562, 1672, [486, 541, 611, 836, 719, 611, 719, 611], 1680, 1681, 722, 1682, [556, 722, 837, 719, 611, 606, 667, 626, 611, 778, 637, 931], 1694, 1695, 278, 1696, [722, 556, 278, 556, 992, 722, 611, 778, 887, 744, 782, 611], 1708, 1709, 667, 1710, [556, 600, 360, 333, 611, 333, 611, 802, 722, 770, 556, 611, 500], 1723, 1724, 611, 1725, 1726, 526, 1727, 1728, 556, 1729, [497, 579, 611, 280, 498, 584, 333, 1333, 1222, 1111, 1167, 889, 556, 1278], 1744, [889, 556, 722, 556, 0, 722, 556], 1752, [889, 778, 611, 778, 611, 722, 556, 778, 611, 778], 1762, 1763, 611, 1764, [526, 278, 1333, 1222, 1111, 778, 611, 1033, 665, 722, 611, 722, 556, 722, 556, 667, 556, 667, 556], 1783, 1786, 278, 1787, [778, 611, 778, 611, 722, 389, 722, 389, 722, 611, 722, 611, 667, 556, 611, 333, 577, 520, 722, 611, 703], 1808, 1809, 631, 1810, [611, 500, 722, 556, 667, 556, 778, 611, 0, 778, 611, 778, 611, 778, 611, 667], 1826, 1827, 556, 1828, 1830, 611, 1831, 1832, 556, 1833, 1834, 611, 1835, [556, 782], 1837, 1838, 497, 1839, [691, 567, 333], 1842, 1843, 611, 1844, [586, 556, 601], 1847, 1849, 611, 1850, 1851, 278, 1852, [405, 332, 356, 278, 604], 1857, 1859, 889, 1860, 1861, 611, 1862, [615, 611, 833, 845, 750], 1867, 1873, 389, 1874, 1875, 583, 1876, [556], 1877, 1879, 333, 1880, [540], 1881, 1882, 333, 1883, [611, 621, 582, 556, 778, 556, 571, 500, 680], 1892, 1893, 526, 1894, 1897, 556, 1898, [778, 615, 567, 586, 604, 458, 556, 452, 611], 1907, 1908, 556, 1909, [1031, 942, 1210, 813, 534, 824, 869, 776, 692, 534, 563], 1920, 1921, 368, 1922, [194], 1923, 1925, 252, 1926, [375, 523, 360, 238, 474], 1931, 1933, 278, 1934, 1935, 333, 1936, 1937, 375, 1938, 1941, 584, 1942, 1958, 333, 1959, [366, 141, 376, 366, 375], 1964, 1968, 383, 1969, 1972, 333, 1973, [500], 1974, 1982, 542, 1983, [383], 1984, 1988, 542, 1989, [383], 1990, 1994, 542, 1995, [383], 1996, 2000, 542, 2001, [383], 2002, 2006, 542, 2007, [383], 2008, 2016, 542, 2017, [383], 2018, 2022, 542, 2023, [383], 2024, 2028, 542, 2029, [383], 2030, 2034, 542, 2035, [383], 2036, 2040, 542, 2041, [383], 2042, 2050, 542, 2051, [383], 2052, 2056, 542, 2057, [383], 2058, 2062, 542, 2063, [383], 2064, 2068, 542, 2069, [383], 2070, 2074, 542, 2075, [383], 2076, 2084, 542, 2085, [383], 2086, 2090, 542, 2091, [383], 2092, 2096, 542, 2097, [383], 2098, 2102, 542, 2103, [383], 2104, 2108, 542, 2109, [383], 2110, 2113, 542, 2114, 2204, 0, 2205, 2207, 333, 2208, [610, 582, 770, 1001, 770, 750, 845, 676, 778, 611, 722, 556, 611, 452, 751, 529, 804, 610, 992, 889, 703, 611, 703, 605], 2232, 2233, 667, 2234, [643, 604, 735, 578, 507, 439, 676, 618, 556, 278, 778], 2245, 2246, 479, 2247, [667, 719, 556, 615, 1280, 778, 869, 703, 976, 796, 667, 556, 926, 800, 809, 753, 1077, 980, 626, 497, 809, 753, 778, 611, 815, 646, 815, 646, 1120, 974, 814, 638, 1280, 901, 0, 1280, 778, 722, 556, 584], 2287, 2292, 0, 2293, [719, 615, 719, 615, 667, 611, 703, 598, 626, 497, 610, 500, 761, 623, 879, 714, 1126, 921, 722, 578, 722, 556, 611, 490, 853, 689, 703, 581, 856, 678, 856, 678, 278, 904, 709, 702, 598, 702, 635, 722, 604, 722, 604, 703, 581, 833, 740, 333, 722, 556, 722, 556], 2346, [889, 667, 556, 726, 556, 904, 709, 626, 497, 626, 526, 719, 615, 719, 615, 778, 611, 778, 611, 711, 552, 622, 556, 622, 556, 622, 556, 703, 581, 979, 854, 719, 611, 1030, 935, 959, 846, 658, 536, 1013, 956, 1033, 925, 778, 586, 766, 701], 2393, 2430, 0, 2431, [722, 556, 722, 611, 722, 611, 722, 611, 722, 556, 722, 611, 722, 611, 722, 611, 722, 611, 722, 611, 667, 556, 667, 556, 667, 556, 667, 556, 667, 556, 611, 333, 778, 611, 722, 611, 722, 611, 722, 611, 722, 611, 722, 611], 2475, 2478, 278, 2479, [722, 556, 722, 556, 722, 556, 611, 278, 611, 278, 611, 278, 611, 278, 833, 889, 833, 889, 833, 889, 722, 611, 722, 611, 722, 611, 722, 611, 778, 611, 778, 611, 778, 611, 778, 611, 667, 611, 667, 611, 722, 389, 722, 389, 722, 389, 722, 389, 667, 556, 667, 556, 667, 556, 667, 556, 667, 556, 611, 333, 611, 333, 611, 333, 611, 333, 722, 611, 722, 611, 722, 611, 722, 611, 722, 611, 667, 556, 667, 556, 944, 778, 944, 778, 667, 556, 667, 556, 667, 556, 611, 500, 611, 500, 611, 500, 611, 333, 778], 2578, 2579, 556, 2580, [278], 2581, 2588, 615, 2589, 2590, 722, 2591, 2596, 869, 2597, 2602, 475, 2603, 2604, 765, 2605, 2608, 960, 2609, 2616, 611, 2617, 2618, 820, 2619, 2624, 1015, 2625, 2632, 278, 2633, 2634, 375, 2635, 2640, 571, 2641, 2646, 611, 2647, 2648, 827, 2649, 2650, 1042, 2651, 2652, 973, 2653, 2660, 582, 2661, [813, 999, 1048, 960], 2665, 2672, 845, 2673, 2674, 851, 2675, 2676, 1065, 2677, 2680, 997, 2681, 2682, 615, 2683, 2684, 475, 2685, 2686, 611, 2687, 2688, 278, 2689, 2690, 611, 2691, 2692, 582, 2693, 2694, 845, 2695, 2702, 615, 2703, 2704, 722, 2705, 2710, 869, 2711, 2718, 611, 2719, 2720, 820, 2721, 2726, 1015, 2727, 2734, 845, 2735, 2736, 851, 2737, 2738, 1065, 2739, 2742, 997, 2743, 2749, 615, 2750, 2754, 722, 2755, 2759, 333, 2760, 2764, 611, 2765, 2766, 862, 2767, 2768, 917, 2769, [722], 2770, 2772, 333, 2773, 2780, 278, 2781, 2782, 473, 2783, 2785, 333, 2786, 2789, 582, 2790, 2791, 619, 2792, 2793, 582, 2794, 2795, 667, 2796, [862, 911, 765], 2799, 2800, 465, 2801, [333], 2802, 2806, 845, 2807, [924, 827, 948, 851, 802], 2812, 2813, 333, 2814, [556], 2815, 2816, 722, 2817, [889, 722, 1225, 944, 722, 611, 1086, 500, 594], 2826, 2829, 0, 2830, 2831, 278, 2832, [556, 667, 837, 499, 833, 506], 2838, 2839, 729, 2840, 2853, 333, 2854, 2855, 397, 2856, [333], 2857, 2867, 0, 2868, [667, 611, 588, 776, 889, 615, 556], 2875, 2876, 575, 2877, [500, 497, 278, 507, 558, 452, 740, 615, 611, 556], 2887, 2889, 618, 2890, [944, 571], 2892, 2893, 611, 2894, [614], 2895, 2896, 583, 2897, [490, 582, 611, 768, 609, 556, 778, 500, 484, 493, 615, 417, 556, 604, 614, 753, 635, 486, 696], 2916, 2917, 454, 2918, [455], 2919, 2920, 417, 2921, [501, 436, 181, 358, 461, 390, 517, 433, 434, 519, 435, 419, 459, 433, 435, 635], 2937, 2938, 377, 2939, [391, 589], 2941, 2942, 391, 2943, 2944, 376, 2945, 2946, 351, 2947, [391, 141, 349, 564, 368, 410, 380], 2954, 2955, 411, 2956, [391, 217, 368, 407, 564, 364, 412, 388, 364, 408, 481, 379, 141, 252, 368, 364, 388, 364, 407, 481, 379, 936, 1324, 332, 1309, 657, 239, 541], 2984, 2992, 0, 2993, 2994, 343, 2995, 2996, 433, 2997, [469, 451, 469, 451, 723, 696, 761, 637, 643, 757, 668, 820, 584], 3010, 3012, 0, 3013, [556, 500, 479], 3016, 3019, 234, 3020, [852, 1189, 500], 3024, [500], 3026, [333, 250, 167, 556, 278, 200, 83, 0, 737, 722, 833, 740, 922], 3039, 3040, 954, 3041, 3042, 722, 3043, [556], 3044, 3045, 611, 3046, [556, 500, 645], 3049, 3053, 0, 3054, [619], 3055, 3057, 722, 3058, [567, 417], 3060, 3062, 0, 3063, [386, 0, 324, 405], 3067, 3073, 0, 3074, 3075, 649, 3076, 3077, 271, 3078, 3079, 649, 3080, 3081, 271, 3082, 3083, 649, 3084, 3085, 271, 3086, 3087, 649, 3088, 3089, 271, 3090, 3091, 649, 3092, 3093, 271, 3094, 3095, 649, 3096, 3097, 271, 3098, 3099, 649, 3100, 3101, 271, 3102, [577, 559], 3104, 3105, 523, 3106, [577, 559], 3108, 3109, 523, 3110, 3113, 343, 3114, 3115, 433, 3116, 3117, 899, 3118, 3119, 608, 3120, [541, 469, 541, 360, 541, 469, 541, 360, 541, 469, 541, 360], 3132, 3133, 758, 3134, [305, 324], 3136, 3137, 758, 3138, [305, 324, 757, 879, 360, 542, 757, 879, 360, 542, 757, 879, 360, 542], 3152, 3153, 360, 3154, 3155, 415, 3156, 3157, 360, 3158, 3159, 415, 3160, 3161, 541, 3162, 3163, 271, 3164, 3165, 541, 3166, 3167, 271, 3168, 3169, 541, 3170, 3171, 271, 3172, 3173, 451, 3174, 3175, 234, 3176, 3179, 433, 3180, 3181, 899, 3182, 3183, 608, 3184, 3185, 611, 3186, [333, 889], 3188, 3189, 611, 3190, 3191, 389, 3192, [556, 333, 500, 611, 367, 607, 873], 3199, 3200, 278, 3201, [611, 582, 621], 3204, 3205, 611, 3206, [333, 768, 556, 278, 889], 3211, 3212, 611, 3213, [389, 556, 466], 3216, 3217, 556, 3218, [500, 556], 3220, 3221, 611, 3222, [556], 3223, 3224, 497, 3225, [655, 278, 556, 333, 611, 526, 391], 3232, 3233, 380, 3234, [410, 351], 3236, 3237, 242, 3238, [391, 368, 182], 3241, 3242, 141, 3243, [182, 308, 194, 164, 286], 3248, 3249, 564, 3250, 3251, 421, 3252, [372, 410, 501, 376, 278, 217, 406, 421], 3260, 3262, 364, 3263, 3264, 361, 3265, [468, 380, 363], 3268, 3271, 0, 3272, [333, 377, 376, 410, 366, 376, 778, 722, 667, 722, 333], 3283, 3290, 615, 3291, 3298, 278, 3299, 3306, 582, 3307, 3310, 278, 3311, 3314, 582, 3315, [486, 541, 484], 3318, 3319, 722, 3320, 3321, 667, 3322, 3323, 556, 3324, [278, 775, 611, 722, 389, 667], 3330, 3333, 556, 3334, [278, 567, 417, 667, 556, 667, 556, 626, 497, 702, 635], 3345, 3353, 0, 3355, [500, 556, 611, 278, 611, 667, 722, 556, 333, 722, 611, 722, 556, 611, 500, 556, 541, 436, 715], 3374, 3379, 0, 3380, [278, 723, 722, 723], 3384, 3394, 0, 3395, [778, 611, 944, 778, 715, 0, 763, 606, 1044, 858, 333, 389], 3407, 3408, 238, 3409, 3410, 500, 3411, 3414, 333, 3415, 3422, 0, 3423, [611, 556, 580, 434, 566, 541, 566, 546, 568, 525, 556, 570, 554, 438], 3437, 3438, 563, 3439, [576, 563, 567, 529, 556, 567, 705, 728, 731, 1146, 731, 386, 699, 778, 611, 264, 555, 308, 611, 289, 611], 3460, 3461, 556, 3462, [386, 308, 278, 602, 616, 597, 618, 565, 520, 655, 634, 289, 477, 619, 521, 770, 631, 661, 568, 666, 620, 560, 512, 615, 571, 790, 579, 581, 520, 850, 840, 521, 660, 569, 618, 632], 3498, 3503, 602, 3504, [597], 3505, 3508, 565, 3509, 3512, 289, 3513, [631], 3514, 3518, 661, 3519, 3522, 615, 3523, [581], 3524, 3526, 602, 3527, 3528, 597, 3529, [655], 3530, 3531, 618, 3532, 3536, 565, 3537, 3538, 655, 3539, [597], 3540, 3541, 634, 3542, 3546, 289, 3547, [730, 477, 619], 3550, 3553, 521, 3554, 3556, 631, 3557, [625], 3558, 3560, 661, 3561, 3563, 620, 3564, 3567, 560, 3568, 3571, 512, 3572, 3577, 615, 3578, 3581, 790, 3582, 3584, 581, 3585, 3587, 520, 3588, [602, 850, 660, 602, 616, 511, 602, 565, 520, 634, 661, 289, 619, 560, 770, 631, 528, 661, 625, 568, 515, 512, 581, 689, 579, 679, 670, 602, 565, 634, 289, 661, 581, 670, 289, 581, 565, 729, 511, 599, 560], 3629, 3630, 289, 3631, [477, 896, 912, 692, 560, 542, 623, 602], 3639, 3640, 616, 3641, [511, 610, 565, 825, 542], 3646, 3647, 631, 3648, [560, 588, 770, 634, 661, 625, 568, 597, 512, 542, 702, 579, 628, 593, 845, 854, 719, 837, 591, 599, 860, 620, 424], 3671, 3683, 333, 3684, 3694, 705, 3695, 3705, 728, 3706, 3718, 731, 3719, 3727, 386, 3728, [538], 3729, 3731, 386, 3732, 3733, 308, 3734, [378, 394, 308], 3737, 3744, 386, 3745, [699], 3746, 3754, 611, 3755, [264, 555], 3757, 3758, 308, 3759, [378, 394, 308], 3762, 3763, 289, 3764, [435, 289], 3766, 3769, 611, 3770, [604, 560, 597, 655], 3774, 3777, 333, 3778, [703], 3779, 3780, 616, 3781, [826, 604, 736], 3784, 3798, 274, 3799, [1674, 1774, 0, 1923], 3803, 3806, 0, 3807, [577, 559], 3809, 3810, 523, 3811, [577, 559], 3813, 3814, 523, 3815, 3816, 899, 3817, 3818, 608, 3819, 3820, 433, 3821, [577, 559], 3823, 3824, 523, 3825, [217, 234, 217, 234, 645, 554], 3831, 3832, 271, 3833, [645, 554], 3835, 3836, 271, 3837, [645, 554], 3839, 3840, 271, 3841, 3844, 451, 3845, 3848, 812, 3849, [577, 559], 3851, 3852, 523, 3853, 3854, 899, 3855, 3856, 608, 3857, 3858, 899, 3859, 3860, 608, 3861, 3862, 541, 3863, 3864, 360, 3865, [538, 581, 530, 579, 965, 742, 892, 636, 1483], 3874, 3878, 0, 3879, [645, 554], 3881, 3882, 271, 3883, [757, 879, 360, 542, 757, 879, 360, 542, 645, 554], 3893, 3894, 271, 3895, [645, 554], 3897, 3898, 271, 3899, [645, 554], 3901, 3902, 271, 3903, [0, 541, 462, 611, 585, 719, 634, 722, 611, 1300, 558, 667, 1019, 864, 809, 802, 997, 864, 722, 558, 1107, 947, 1127, 916, 719, 604, 703, 611], 3931, 
[...]
<msg timestamp="20211102 15:26:57.323" level="INFO">undefined: &lt;PDFCIDFont: basefont='IIGOZS+Arial-BoldMT', cidcoding='Adobe-Identity'&gt;, 24</msg>
<msg timestamp="20211102 15:26:57.325" level="INFO">Processing xobj: &lt;PDFStream(9): raw=11391, {'Type': /'XObject', 'Subtype': /'Image', 'Width': 709, 'Height': 709, 'BitsPerComponent': 8, 'ColorSpace': /'DeviceRGB', 'Filter': /'DCTDecode', 'Length': 11390}&gt;</msg>
<status status="PASS" starttime="20211102 15:26:57.160" endtime="20211102 15:26:57.326"></status>
</kw>
<msg timestamp="20211102 15:26:57.326" level="INFO">${apu} = PASS</msg>
<msg timestamp="20211102 15:26:57.326" level="INFO">${teksti} =     Saajan tilinumero Mottagarens kontonummer IBAN  BIC   Saaja Mottagare      Maksajan         nimi ja osoite Betalarens namn och adress  Allekirjoitus Underskrift Viitenumero Ref. nr Tililtä nro Frå...</msg>
<status status="PASS" starttime="20211102 15:26:57.160" endtime="20211102 15:26:57.326"></status>
</kw>
<kw name="Return From Keyword If" library="BuiltIn">
<doc>Returns from the enclosing user keyword if ``condition`` is true.</doc>
<arguments>
<arg>'${apu}'=='FAIL'</arg>
<arg>${EMPTY}</arg>
</arguments>
<status status="PASS" starttime="20211102 15:26:57.327" endtime="20211102 15:26:57.327"></status>
</kw>
<kw name="Log" library="BuiltIn">
<doc>Logs the given message with the given level.</doc>
<arguments>
<arg>${teksti}</arg>
</arguments>
<msg timestamp="20211102 15:26:57.327" level="INFO">    Saajan tilinumero Mottagarens kontonummer IBAN  BIC   Saaja Mottagare      Maksajan         nimi ja osoite Betalarens namn och adress  Allekirjoitus Underskrift Viitenumero Ref. nr Tililtä nro Från konto nr Eräpäivä Förfallodag  Euro Maksu välitetään saajalle maksujenvälityksen ehtojen mukaisesti ja vain maksajan ilmoittaman tilinumeron perusteella. Betalningen förmedlas till mottagaren enligt villkoren för betalningsförmedling och endast till det kontonummer som betalaren angivit.TILISIIRTO. GIRERING Liittymä/SopimusKäyttäjä/PalveluKäyttö-maksutKuukausi-maksutKerta-maksutAlennukset/HyvityksetYhteensäverotonVerotyhteensäYhteensäveroineen05001(cid:21)(cid:22)(cid:23)(cid:24)(cid:25)ETUNIMI SUKUNIMI9,3693,140,00-16,8118,985,1591,51Veloitukset yhteensä18,985,1591,51Maksettava yhteensä EUR5J0,JVerokantaerittelyALV 95D18,985,1591,51Laskun päiväysAEräpäiväALaskunumeroAViitenumeroAAsiakasnumeroALaskutuskausiASopimusasiakasA13.04.909101.02.9091 19(cid:21)(cid:22)(cid:23)(cid:22)8620719104 38620 (cid:21)(cid:22)(cid:23)(cid:21)(cid:22) 46(cid:22)(cid:21)(cid:23)57 98(cid:21)(cid:22)(cid:23)(cid:21)(cid:22)501.05.9091 - 60.05.9091 S(cid:88)(cid:78)(cid:88)(cid:81)i(cid:80)i Et(cid:88)(cid:81)i(cid:80)ijNP Oy14L J::J:,, jNPETUNIMI SUKUNIMIOSOITE 109200 ESPOOPaperilaskun ja suoramaksuilmoituksen hinta muuttuu vastaamaannoussutta kustannustasoa. Alkaen 1.2.9091 hinta on 5,70e/lähetetty lasku. Ennen 1.4.9091 tehtyjen määräaikaistensopimusten osalta hinta astuu voimaan sopimuskauden päätyttyä.Toistaiseksi voimassaoleva sopimus on muutoksen takiamahdollista irtisanoa heti päättyväksi. Maksuttomia vaihtoehtojaovat e-lasku ja sähköpostilasku. LisääA dna.fi/laskutus.wNA OyjAsiakaspalveluA ma - pe klo 3-13Y-tunnusA 0479407-2Viivästyskorko korkolain mukaanPL 10lauantaisin klo 7-12.60KotipaikkaA HelsinkiMaksumuistutusmaksu 4,00 EUR01055 wNAPuhelinA 055 155 055InternetA DDD.dna.fiHuomautukset laskusta ennen eräpäivääjNP Oy1ETUNIMI SUKUNIMIOSOITE 1:5B:: ES4OONORjEP2IF3 JBB: F::J :J,B B,NjEP2I77O42I5: H::: :J5: 5B3J F:OVO82I77Verkkopankissa e-laskusopimuksen tekemiseen tarvitsetviitenumeron. Valitse laskuttajaksi wNA Oyj ja laskutusaihe6Matkapuhelinliittymät ja maksuaika6Väytä vYYten"ieuma iaksettaessa J5J:H 3KFB: 23444 HFF,%5J0,J:J.:B.5:5JLPSVU1r9o9()íKqb#í q*#bqHbR,r';J+."Nîu-AjaltaMäärä     YksikköYhteensäverotonVerotyhteensäYhteensäveroineenLYYttyiän n"ieum0500123456LYYttyiän käyttä1äETUNIMI SUKUNIMILYYttyiän nYiYPuheliittymäLYYttyiän iääuäaYkaYs""s 5K.JJ.5:J% G 5B.JJ.5:5JLYYttyiän k""ka"sYiaks"twNA Nopea 5l Rajaton Plus kuukausimaksu01.05.9091 - 60.05.90911     kpl93,1532,84965,700Liittymän kampanja-alennus01.05.9091 - 60.05.9091-16,810-6,970-18,0004"he:"t kmtYiaassa 1a EUpssaPuhelut wNAAn matkapuhelinliittymiin96,29     min0,0000,0000,000Puhelut lankaliittymiin4,83     min0,0000,0000,000Puhelut muihin matkapuhelinliittymiin83,86     min0,0000,0000,000Puhelut yritysnumeroihin18,03     min9,3980,2836,404Väyttä1äkmhtaYset !a:ve:"t yhteensä EURJK05BH,0J,:5J0,:H9r9oLASKUERITTELYLiittymän käyttäjäkohtainen erittelyLaskunumeroA 1910222234(cid:24)7</msg>
<status status="PASS" starttime="20211102 15:26:57.327" endtime="20211102 15:26:57.327"></status>
</kw>
<kw name="Run Keyword And Ignore Error" library="BuiltIn">
<doc>Runs the given keyword with the given arguments and ignores possible error.</doc>
<arguments>
<arg>Hae Teksti väliltä</arg>
<arg>${teksti}</arg>
<arg>Maksettava yhteensä EUR</arg>
<arg>Verokantaerittely</arg>
</arguments>
<assign>
<var>${apu}</var>
<var>${teksti}</var>
</assign>
<kw name="Hae Teksti väliltä">
<arguments>
<arg>${teksti}</arg>
<arg>Maksettava yhteensä EUR</arg>
<arg>Verokantaerittely</arg>
</arguments>
<kw name="Fetch From Right" library="String">
<doc>Returns contents of the ``string`` after the last occurrence of ``marker``.</doc>
<arguments>
<arg>${teksti}</arg>
<arg>${alku}</arg>
</arguments>
<assign>
<var>${teksti}</var>
</assign>
<msg timestamp="20211102 15:26:57.328" level="INFO">${teksti} = 5J0,JVerokantaerittelyALV 95D18,985,1591,51Laskun päiväysAEräpäiväALaskunumeroAViitenumeroAAsiakasnumeroALaskutuskausiASopimusasiakasA13.04.909101.02.9091 19(cid:21)(cid:22)(cid:23)(cid:22)8620719104 ...</msg>
<status status="PASS" starttime="20211102 15:26:57.328" endtime="20211102 15:26:57.328"></status>
</kw>
<kw name="Fetch From Left" library="String">
<doc>Returns contents of the ``string`` before the first occurrence of ``marker``.</doc>
<arguments>
<arg>${teksti}</arg>
<arg>${loppu}</arg>
</arguments>
<assign>
<var>${teksti}</var>
</assign>
<msg timestamp="20211102 15:26:57.329" level="INFO">${teksti} = 5J0,J</msg>
<status status="PASS" starttime="20211102 15:26:57.329" endtime="20211102 15:26:57.329"></status>
</kw>
<kw name="Strip String" library="String">
<doc>Remove leading and/or trailing whitespaces from the given string.</doc>
<arguments>
<arg>${teksti}</arg>
</arguments>
<assign>
<var>${teksti}</var>
</assign>
<msg timestamp="20211102 15:26:57.329" level="INFO">${teksti} = 5J0,J</msg>
<status status="PASS" starttime="20211102 15:26:57.329" endtime="20211102 15:26:57.329"></status>
</kw>
<status status="PASS" starttime="20211102 15:26:57.328" endtime="20211102 15:26:57.330"></status>
</kw>
<msg timestamp="20211102 15:26:57.330" level="INFO">${apu} = PASS</msg>
<msg timestamp="20211102 15:26:57.330" level="INFO">${teksti} = 5J0,J</msg>
<status status="PASS" starttime="20211102 15:26:57.328" endtime="20211102 15:26:57.330"></status>
</kw>
<kw name="Return From Keyword If" library="BuiltIn">
<doc>Returns from the enclosing user keyword if ``condition`` is true.</doc>
<arguments>
<arg>'${apu}'=='FAIL'</arg>
<arg>${EMPTY}</arg>
</arguments>
<status status="PASS" starttime="20211102 15:26:57.330" endtime="20211102 15:26:57.330"></status>
</kw>
<msg timestamp="20211102 15:26:57.331" level="INFO">${summa} = 5J0,J</msg>
<status status="PASS" starttime="20211102 15:26:57.160" endtime="20211102 15:26:57.331"></status>
</kw>
<kw name="Log" library="BuiltIn">
<doc>Logs the given message with the given level.</doc>
<arguments>
<arg>${summa}</arg>
</arguments>
<msg timestamp="20211102 15:26:57.331" level="INFO">5J0,J</msg>
<status status="PASS" starttime="20211102 15:26:57.331" endtime="20211102 15:26:57.331"></status>
</kw>
<kw name="Run Keyword And Return Status" library="BuiltIn">
<doc>Runs the given keyword with given arguments and returns the status as a Boolean value.</doc>
<arguments>
<arg>Should Match Regexp</arg>
<arg>${summa}</arg>
<arg>\\d+,\\d+</arg>
</arguments>
<assign>
<var>${passed}</var>
</assign>
<kw name="Should Match Regexp" library="BuiltIn">
<doc>Fails if ``string`` does not match ``pattern`` as a regular expression.</doc>
<arguments>
<arg>${summa}</arg>
<arg>\\d+,\\d+</arg>
</arguments>
<msg timestamp="20211102 15:26:57.332" level="FAIL">'5J0,J' does not match '\d+,\d+'</msg>
<status status="FAIL" starttime="20211102 15:26:57.331" endtime="20211102 15:26:57.332"></status>
</kw>
<msg timestamp="20211102 15:26:57.332" level="INFO">${passed} = False</msg>
<status status="PASS" starttime="20211102 15:26:57.331" endtime="20211102 15:26:57.332"></status>
</kw>
<kw name="Log" library="BuiltIn">
<doc>Logs the given message with the given level.</doc>
<arguments>
<arg>${passed}</arg>
</arguments>
<msg timestamp="20211102 15:26:57.333" level="INFO">False</msg>
<status status="PASS" starttime="20211102 15:26:57.332" endtime="20211102 15:26:57.333"></status>
</kw>
<kw name="Run Keyword If" library="BuiltIn">
<doc>Runs the given keyword with the given arguments, if ``condition`` is true.</doc>
<arguments>
<arg>'${passed}' == 'True'</arg>
<arg>Prosessoi Validi Lasku</arg>
<arg>${file}</arg>
<arg>${summa}</arg>
</arguments>
<status status="PASS" starttime="20211102 15:26:57.333" endtime="20211102 15:26:57.333"></status>
</kw>
<kw name="Run Keyword If" library="BuiltIn">
<doc>Runs the given keyword with the given arguments, if ``condition`` is true.</doc>
<arguments>
<arg>'${passed}' == 'False'</arg>
<arg>Prosessoi Epävalidi Lasku</arg>
<arg>${file}</arg>
</arguments>
<kw name="Prosessoi Epävalidi Lasku">
<arguments>
<arg>${file}</arg>
</arguments>
<kw name="Copy File" library="OperatingSystem">
<doc>Copies the source file into the destination.</doc>
<arguments>
<arg>/home/jukka/git/RPA_Demo/Testi/Project/Resources/Incoming/${file}</arg>
<arg>/home/jukka/git/RPA_Demo/Testi/Project/Resources/Not_Processed/</arg>
</arguments>
<msg timestamp="20211102 15:26:57.335" level="INFO" html="yes">Copied file from '&lt;a href="file:///home/jukka/git/RPA_Demo/Testi/Project/Resources/Incoming/DNA_lasku_3.pdf"&gt;/home/jukka/git/RPA_Demo/Testi/Project/Resources/Incoming/DNA_lasku_3.pdf&lt;/a&gt;' to '&lt;a href="file:///home/jukka/git/RPA_Demo/Testi/Project/Resources/Not_Processed/DNA_lasku_3.pdf"&gt;/home/jukka/git/RPA_Demo/Testi/Project/Resources/Not_Processed/DNA_lasku_3.pdf&lt;/a&gt;'.</msg>
<status status="PASS" starttime="20211102 15:26:57.334" endtime="20211102 15:26:57.335"></status>
</kw>
<kw name="Execute Sql String" library="DatabaseLibrary">
<doc>Executes the sqlString as SQL commands. Useful to pass arguments to your sql. Set optional input `sansTran` to
True to run command without an explicit transaction commit or rollback.</doc>
<arguments>
<arg>INSERT INTO `laskut` (`tiedostonimi`,`summa`,`tila`) VALUES('${file}',Null,'Virhe!');</arg>
</arguments>
<msg timestamp="20211102 15:26:57.335" level="INFO">Executing : Execute SQL String  |  INSERT INTO `laskut` (`tiedostonimi`,`summa`,`tila`) VALUES('DNA_lasku_3.pdf',Null,'Virhe!'); </msg>
<status status="PASS" starttime="20211102 15:26:57.335" endtime="20211102 15:26:57.341"></status>
</kw>
<status status="PASS" starttime="20211102 15:26:57.333" endtime="20211102 15:26:57.342"></status>
</kw>
<status status="PASS" starttime="20211102 15:26:57.333" endtime="20211102 15:26:57.342"></status>
</kw>
<status status="PASS" starttime="20211102 15:26:57.160" endtime="20211102 15:26:57.342"></status>
</kw>
<kw name="${file} = DNA_lasku_4.pdf" type="foritem">
<kw name="Hae Teksti PDF Tiedostosta">
<arguments>
<arg>/home/jukka/git/RPA_Demo/Testi/Project/Resources/Incoming/${file}</arg>
<arg>Maksettava yhteensä EUR</arg>
<arg>Verokantaerittely</arg>
</arguments>
<assign>
<var>${summa}</var>
</assign>
<kw name="Run Keyword And Ignore Error" library="BuiltIn">
<doc>Runs the given keyword with the given arguments and ignores possible error.</doc>
<arguments>
<arg>Convert Pdf To Txt</arg>
<arg>${polku_pdf_tiedotoon}</arg>
</arguments>
<assign>
<var>${apu}</var>
<var>${teksti}</var>
</assign>
<kw name="Convert Pdf To Txt" library="Pdf2TextLibrary">
<arguments>
<arg>${polku_pdf_tiedotoon}</arg>
</arguments>
<msg timestamp="20211102 15:26:57.344" level="FAIL">PDFSyntaxError: No /Root object! - Is this really a PDF?</msg>
<status status="FAIL" starttime="20211102 15:26:57.343" endtime="20211102 15:26:57.344"></status>
</kw>
<msg timestamp="20211102 15:26:57.344" level="INFO">${apu} = FAIL</msg>
<msg timestamp="20211102 15:26:57.344" level="INFO">${teksti} = PDFSyntaxError: No /Root object! - Is this really a PDF?</msg>
<status status="PASS" starttime="20211102 15:26:57.343" endtime="20211102 15:26:57.344"></status>
</kw>
<kw name="Return From Keyword If" library="BuiltIn">
<doc>Returns from the enclosing user keyword if ``condition`` is true.</doc>
<arguments>
<arg>'${apu}'=='FAIL'</arg>
<arg>${EMPTY}</arg>
</arguments>
<msg timestamp="20211102 15:26:57.344" level="INFO">Returning from the enclosing user keyword.</msg>
<status status="PASS" starttime="20211102 15:26:57.344" endtime="20211102 15:26:57.345"></status>
</kw>
<msg timestamp="20211102 15:26:57.345" level="INFO">${summa} = </msg>
<status status="PASS" starttime="20211102 15:26:57.342" endtime="20211102 15:26:57.345"></status>
</kw>
<kw name="Log" library="BuiltIn">
<doc>Logs the given message with the given level.</doc>
<arguments>
<arg>${summa}</arg>
</arguments>
<msg timestamp="20211102 15:26:57.345" level="INFO"></msg>
<status status="PASS" starttime="20211102 15:26:57.345" endtime="20211102 15:26:57.345"></status>
</kw>
<kw name="Run Keyword And Return Status" library="BuiltIn">
<doc>Runs the given keyword with given arguments and returns the status as a Boolean value.</doc>
<arguments>
<arg>Should Match Regexp</arg>
<arg>${summa}</arg>
<arg>\\d+,\\d+</arg>
</arguments>
<assign>
<var>${passed}</var>
</assign>
<kw name="Should Match Regexp" library="BuiltIn">
<doc>Fails if ``string`` does not match ``pattern`` as a regular expression.</doc>
<arguments>
<arg>${summa}</arg>
<arg>\\d+,\\d+</arg>
</arguments>
<msg timestamp="20211102 15:26:57.346" level="FAIL">'' does not match '\d+,\d+'</msg>
<status status="FAIL" starttime="20211102 15:26:57.346" endtime="20211102 15:26:57.346"></status>
</kw>
<msg timestamp="20211102 15:26:57.346" level="INFO">${passed} = False</msg>
<status status="PASS" starttime="20211102 15:26:57.346" endtime="20211102 15:26:57.346"></status>
</kw>
<kw name="Log" library="BuiltIn">
<doc>Logs the given message with the given level.</doc>
<arguments>
<arg>${passed}</arg>
</arguments>
<msg timestamp="20211102 15:26:57.347" level="INFO">False</msg>
<status status="PASS" starttime="20211102 15:26:57.347" endtime="20211102 15:26:57.347"></status>
</kw>
<kw name="Run Keyword If" library="BuiltIn">
<doc>Runs the given keyword with the given arguments, if ``condition`` is true.</doc>
<arguments>
<arg>'${passed}' == 'True'</arg>
<arg>Prosessoi Validi Lasku</arg>
<arg>${file}</arg>
<arg>${summa}</arg>
</arguments>
<status status="PASS" starttime="20211102 15:26:57.347" endtime="20211102 15:26:57.347"></status>
</kw>
<kw name="Run Keyword If" library="BuiltIn">
<doc>Runs the given keyword with the given arguments, if ``condition`` is true.</doc>
<arguments>
<arg>'${passed}' == 'False'</arg>
<arg>Prosessoi Epävalidi Lasku</arg>
<arg>${file}</arg>
</arguments>
<kw name="Prosessoi Epävalidi Lasku">
<arguments>
<arg>${file}</arg>
</arguments>
<kw name="Copy File" library="OperatingSystem">
<doc>Copies the source file into the destination.</doc>
<arguments>
<arg>/home/jukka/git/RPA_Demo/Testi/Project/Resources/Incoming/${file}</arg>
<arg>/home/jukka/git/RPA_Demo/Testi/Project/Resources/Not_Processed/</arg>
</arguments>
<msg timestamp="20211102 15:26:57.349" level="INFO" html="yes">Copied file from '&lt;a href="file:///home/jukka/git/RPA_Demo/Testi/Project/Resources/Incoming/DNA_lasku_4.pdf"&gt;/home/jukka/git/RPA_Demo/Testi/Project/Resources/Incoming/DNA_lasku_4.pdf&lt;/a&gt;' to '&lt;a href="file:///home/jukka/git/RPA_Demo/Testi/Project/Resources/Not_Processed/DNA_lasku_4.pdf"&gt;/home/jukka/git/RPA_Demo/Testi/Project/Resources/Not_Processed/DNA_lasku_4.pdf&lt;/a&gt;'.</msg>
<status status="PASS" starttime="20211102 15:26:57.348" endtime="20211102 15:26:57.349"></status>
</kw>
<kw name="Execute Sql String" library="DatabaseLibrary">
<doc>Executes the sqlString as SQL commands. Useful to pass arguments to your sql. Set optional input `sansTran` to
True to run command without an explicit transaction commit or rollback.</doc>
<arguments>
<arg>INSERT INTO `laskut` (`tiedostonimi`,`summa`,`tila`) VALUES('${file}',Null,'Virhe!');</arg>
</arguments>
<msg timestamp="20211102 15:26:57.349" level="INFO">Executing : Execute SQL String  |  INSERT INTO `laskut` (`tiedostonimi`,`summa`,`tila`) VALUES('DNA_lasku_4.pdf',Null,'Virhe!'); </msg>
<status status="PASS" starttime="20211102 15:26:57.349" endtime="20211102 15:26:57.351"></status>
</kw>
<status status="PASS" starttime="20211102 15:26:57.348" endtime="20211102 15:26:57.352"></status>
</kw>
<status status="PASS" starttime="20211102 15:26:57.347" endtime="20211102 15:26:57.352"></status>
</kw>
<status status="PASS" starttime="20211102 15:26:57.342" endtime="20211102 15:26:57.352"></status>
</kw>
<status status="PASS" starttime="20211102 15:26:56.319" endtime="20211102 15:26:57.352"></status>
</kw>
<kw name="Query" library="DatabaseLibrary">
<doc>Uses the input `selectStatement` to query for the values that will be returned as a list of tuples. Set optional
input `sansTran` to True to run command without an explicit transaction commit or rollback.
Set optional input `returnAsDict` to True to return values as a list of dictionaries.</doc>
<arguments>
<arg>select * from laskut</arg>
</arguments>
<assign>
<var>${queryResults}</var>
</assign>
<msg timestamp="20211102 15:26:57.352" level="INFO">Executing : Query  |  select * from laskut </msg>
<msg timestamp="20211102 15:26:57.353" level="INFO">${queryResults} = ((1, 'DNA_lasku_1.pdf', Decimal('20.19'), 'OK'), (2, 'DNA_lasku_2.pdf', Decimal('17.90'), 'OK'), (3, 'DNA_lasku_3.pdf', None, 'Virhe!'), (4, 'DNA_lasku_4.pdf', None, 'Virhe!'))</msg>
<status status="PASS" starttime="20211102 15:26:57.352" endtime="20211102 15:26:57.353"></status>
</kw>
<kw name="Log" library="BuiltIn">
<doc>Logs the given message with the given level.</doc>
<arguments>
<arg>${queryResults}</arg>
</arguments>
<msg timestamp="20211102 15:26:57.354" level="INFO">((1, 'DNA_lasku_1.pdf', Decimal('20.19'), 'OK'), (2, 'DNA_lasku_2.pdf', Decimal('17.90'), 'OK'), (3, 'DNA_lasku_3.pdf', None, 'Virhe!'), (4, 'DNA_lasku_4.pdf', None, 'Virhe!'))</msg>
<status status="PASS" starttime="20211102 15:26:57.354" endtime="20211102 15:26:57.354"></status>
</kw>
<status status="PASS" starttime="20211102 15:26:56.317" endtime="20211102 15:26:57.354" critical="yes"></status>
</test>
<kw name="Ajon Lopetus" type="teardown">
<kw name="Disconnect From Database" library="DatabaseLibrary">
<doc>Disconnects from the database.</doc>
<msg timestamp="20211102 15:26:57.359" level="INFO">Executing : Disconnect From Database</msg>
<status status="PASS" starttime="20211102 15:26:57.359" endtime="20211102 15:26:57.360"></status>
</kw>
<status status="PASS" starttime="20211102 15:26:57.359" endtime="20211102 15:26:57.360"></status>
</kw>
<status status="PASS" starttime="20211102 15:26:56.096" endtime="20211102 15:26:57.360"></status>
</suite>
<status status="PASS" starttime="20211102 15:26:56.085" endtime="20211102 15:26:57.362"></status>
</suite>
<status status="PASS" starttime="20211102 15:26:56.066" endtime="20211102 15:26:57.363"></status>
</suite>
<statistics>
<total>
<stat pass="1" fail="0">Critical Tasks</stat>
<stat pass="1" fail="0">All Tasks</stat>
</total>
<tag>
</tag>
<suite>
<stat pass="1" fail="0" id="s1" name="Testi">Testi</stat>
<stat pass="1" fail="0" id="s1-s1" name="Project">Testi.Project</stat>
<stat pass="1" fail="0" id="s1-s1-s1" name="Robot Demo">Testi.Project.Robot Demo</stat>
</suite>
</statistics>
<errors>
</errors>
</robot>
